2026-05-17T19:50:59.835-04:00  INFO 22388 --- [PlanNutricional] [main] c.P.P.PlanNutricionalApplication         : Starting PlanNutricionalApplication using Java 21.0.10 with PID 22388 (C:\Users\sebit\Desktop\Universidad\Programacion\Fullstack I\PlanNutricional\target\classes started by sebit in C:\Users\sebit\Desktop\Universidad\Programacion\Fullstack I\PlanNutricional)
2026-05-17T19:50:59.839-04:00 DEBUG 22388 --- [PlanNutricional] [main] c.P.P.PlanNutricionalApplication         : Running with Spring Boot v4.0.6, Spring v7.0.7
2026-05-17T19:50:59.841-04:00  INFO 22388 --- [PlanNutricional] [main] c.P.P.PlanNutricionalApplication         : No active profile set, falling back to 1 default profile: "default"
2026-05-17T19:51:02.625-04:00  INFO 22388 --- [PlanNutricional] [main] .s.d.r.c.RepositoryConfigurationDelegate : Bootstrapping Spring Data JPA repositories in DEFAULT mode.
2026-05-17T19:51:03.196-04:00  INFO 22388 --- [PlanNutricional] [main] .s.d.r.c.RepositoryConfigurationDelegate : Finished Spring Data repository scanning in 543 ms. Found 1 JPA repository interface.
2026-05-17T19:51:04.174-04:00  INFO 22388 --- [PlanNutricional] [main] o.s.cloud.context.scope.GenericScope     : BeanFactory id=cb338321-7a44-30e6-92ad-bc69200b7129
2026-05-17T19:51:06.336-04:00  INFO 22388 --- [PlanNutricional] [main] o.s.boot.tomcat.TomcatWebServer          : Tomcat initialized with port 8085 (http)
2026-05-17T19:51:06.413-04:00  INFO 22388 --- [PlanNutricional] [main] o.apache.catalina.core.StandardService   : Starting service [Tomcat]
2026-05-17T19:51:06.414-04:00  INFO 22388 --- [PlanNutricional] [main] o.apache.catalina.core.StandardEngine    : Starting Servlet engine: [Apache Tomcat/11.0.21]
2026-05-17T19:51:06.833-04:00  INFO 22388 --- [PlanNutricional] [main] b.w.c.s.WebApplicationContextInitializer : Root WebApplicationContext: initialization completed in 6886 ms
2026-05-17T19:51:07.461-04:00  INFO 22388 --- [PlanNutricional] [main] org.hibernate.orm.jpa                    : HHH008540: Processing PersistenceUnitInfo [name: default]
2026-05-17T19:51:07.635-04:00  INFO 22388 --- [PlanNutricional] [main] org.hibernate.orm.core                   : HHH000001: Hibernate ORM core version 7.2.12.Final
2026-05-17T19:51:08.948-04:00  INFO 22388 --- [PlanNutricional] [main] o.s.o.j.p.SpringPersistenceUnitInfo      : No LoadTimeWeaver setup: ignoring JPA class transformer
2026-05-17T19:51:09.036-04:00  INFO 22388 --- [PlanNutricional] [main] com.zaxxer.hikari.HikariDataSource       : HikariPool-1 - Starting...
2026-05-17T19:51:09.466-04:00  INFO 22388 --- [PlanNutricional] [main] com.zaxxer.hikari.pool.HikariPool        : HikariPool-1 - Added connection com.mysql.cj.jdbc.ConnectionImpl@3a17acd4
2026-05-17T19:51:09.472-04:00  INFO 22388 --- [PlanNutricional] [main] com.zaxxer.hikari.HikariDataSource       : HikariPool-1 - Start completed.
2026-05-17T19:51:09.592-04:00  WARN 22388 --- [PlanNutricional] [main] org.hibernate.orm.core                   : HHH000511: The 5.5.5 version for [org.hibernate.dialect.MySQLDialect] is no longer supported, hence certain features may not work properly.The minimum supported version is 8.0.0. Check the community dialects project for available legacy versions.
2026-05-17T19:51:09.600-04:00  WARN 22388 --- [PlanNutricional] [main] org.hibernate.orm.deprecation            : HHH90000025: MySQLDialect does not need to be specified explicitly using 'hibernate.dialect' (remove the property setting and it will be selected by default)
2026-05-17T19:51:09.656-04:00  INFO 22388 --- [PlanNutricional] [main] org.hibernate.orm.connections.pooling    : HHH10001005: Database info:
	Database JDBC URL [jdbc:mysql://localhost:3306/planNutricional_db]
	Database driver: MySQL Connector/J
	Database dialect: MySQLDialect
	Database version: 5.5.5
	Default catalog/schema: planNutricional_db/undefined
	Autocommit mode: undefined/unknown
	Isolation level: REPEATABLE_READ [default REPEATABLE_READ]
	JDBC fetch size: none
	Pool: DataSourceConnectionProvider
	Minimum pool size: undefined/unknown
	Maximum pool size: undefined/unknown
2026-05-17T19:51:11.799-04:00  INFO 22388 --- [PlanNutricional] [main] org.hibernate.orm.core                   : HHH000489: No JTA platform available (set 'hibernate.transaction.jta.platform' to enable JTA platform integration)
2026-05-17T19:51:12.046-04:00  INFO 22388 --- [PlanNutricional] [main] j.LocalContainerEntityManagerFactoryBean : Initialized JPA EntityManagerFactory for persistence unit 'default'
2026-05-17T19:51:12.243-04:00  INFO 22388 --- [PlanNutricional] [main] o.s.d.j.r.query.QueryEnhancerFactories   : Hibernate is in classpath; If applicable, HQL parser will be used.
2026-05-17T19:51:12.870-04:00  INFO 22388 --- [PlanNutricional] [main] c.P.P.PlanService.PlanService            : Plan Nutricional eliminado correctamente
2026-05-17T19:51:13.426-04:00  WARN 22388 --- [PlanNutricional] [main] JpaBaseConfiguration$JpaWebConfiguration : spring.jpa.open-in-view is enabled by default. Therefore, database queries may be performed during view rendering. Explicitly configure spring.jpa.open-in-view to disable this warning
2026-05-17T19:51:14.025-04:00  WARN 22388 --- [PlanNutricional] [main] o.s.security.core.userdetails.User       : User.withDefaultPasswordEncoder() is considered unsafe for production and is only intended for sample applications.
2026-05-17T19:51:14.245-04:00  WARN 22388 --- [PlanNutricional] [main] o.s.security.core.userdetails.User       : User.withDefaultPasswordEncoder() is considered unsafe for production and is only intended for sample applications.
2026-05-17T19:51:14.483-04:00  INFO 22388 --- [PlanNutricional] [main] r$InitializeUserDetailsManagerConfigurer : Global AuthenticationManager configured with UserDetailsService bean with name userDetailsService
2026-05-17T19:51:18.053-04:00  INFO 22388 --- [PlanNutricional] [main] DiscoveryClientOptionalArgsConfiguration : Eureka HTTP Client uses RestClient.
2026-05-17T19:51:18.402-04:00  WARN 22388 --- [PlanNutricional] [main] iguration$LoadBalancerCaffeineWarnLogger : Spring Cloud LoadBalancer is currently working with the default cache. While this cache implementation is useful for development and tests, it's recommended to use Caffeine cache in production.You can switch to using Caffeine cache, by adding it and org.springframework.cache.caffeine.CaffeineCacheManager to the classpath.
2026-05-17T19:51:18.502-04:00  INFO 22388 --- [PlanNutricional] [main] o.s.c.n.eureka.InstanceInfoFactory       : Setting initial instance status as: STARTING
2026-05-17T19:51:18.575-04:00  INFO 22388 --- [PlanNutricional] [main] com.netflix.discovery.DiscoveryClient    : Initializing Eureka in region us-east-1
2026-05-17T19:51:18.587-04:00  INFO 22388 --- [PlanNutricional] [main] c.n.d.s.r.aws.ConfigClusterResolver      : Resolving eureka endpoints via configuration
2026-05-17T19:51:18.615-04:00  INFO 22388 --- [PlanNutricional] [main] com.netflix.discovery.DiscoveryClient    : Disable delta property : false
2026-05-17T19:51:18.615-04:00  INFO 22388 --- [PlanNutricional] [main] com.netflix.discovery.DiscoveryClient    : Single vip registry refresh property : null
2026-05-17T19:51:18.615-04:00  INFO 22388 --- [PlanNutricional] [main] com.netflix.discovery.DiscoveryClient    : Force full registry fetch : false
2026-05-17T19:51:18.616-04:00  INFO 22388 --- [PlanNutricional] [main] com.netflix.discovery.DiscoveryClient    : Application is null : false
2026-05-17T19:51:18.616-04:00  INFO 22388 --- [PlanNutricional] [main] com.netflix.discovery.DiscoveryClient    : Registered Applications size is zero : true
2026-05-17T19:51:18.616-04:00  INFO 22388 --- [PlanNutricional] [main] com.netflix.discovery.DiscoveryClient    : Application version is -1: true
2026-05-17T19:51:18.616-04:00  INFO 22388 --- [PlanNutricional] [main] com.netflix.discovery.DiscoveryClient    : Getting all instance registry info from the eureka server
2026-05-17T19:51:20.691-04:00  INFO 22388 --- [PlanNutricional] [main] com.netflix.discovery.DiscoveryClient    : The response status is 200
2026-05-17T19:51:20.694-04:00  INFO 22388 --- [PlanNutricional] [main] com.netflix.discovery.DiscoveryClient    : Starting heartbeat executor: renew interval is: 30
2026-05-17T19:51:20.697-04:00  INFO 22388 --- [PlanNutricional] [main] c.n.discovery.InstanceInfoReplicator     : InstanceInfoReplicator onDemand update allowed rate per min is 4
2026-05-17T19:51:20.702-04:00  INFO 22388 --- [PlanNutricional] [main] com.netflix.discovery.DiscoveryClient    : Discovery Client initialized at timestamp 1779061880700 with initial instances count: 4
2026-05-17T19:51:20.709-04:00  INFO 22388 --- [PlanNutricional] [main] o.s.c.n.e.s.EurekaServiceRegistry        : Registering application PLANNUTRICIONAL with eureka with status UP
2026-05-17T19:51:20.710-04:00  INFO 22388 --- [PlanNutricional] [main] com.netflix.discovery.DiscoveryClient    : Saw local status change event StatusChangeEvent [timestamp=1779061880710, current=UP, previous=STARTING]
2026-05-17T19:51:20.713-04:00  INFO 22388 --- [PlanNutricional] [DiscoveryClient-InstanceInfoReplicator-%d] com.netflix.discovery.DiscoveryClient    : DiscoveryClient_PLANNUTRICIONAL/LAPTOP-TLGIUAT7:PlanNutricional:8085: registering service...
2026-05-17T19:51:20.776-04:00  INFO 22388 --- [PlanNutricional] [main] o.s.boot.tomcat.TomcatWebServer          : Tomcat started on port 8085 (http) with context path '/'
2026-05-17T19:51:20.779-04:00  INFO 22388 --- [PlanNutricional] [main] .s.c.n.e.s.EurekaAutoServiceRegistration : Updating port to 8085
2026-05-17T19:51:20.822-04:00  INFO 22388 --- [PlanNutricional] [main] c.P.P.PlanNutricionalApplication         : Started PlanNutricionalApplication in 22.251 seconds (process running for 24.259)
2026-05-17T19:51:20.839-04:00  INFO 22388 --- [PlanNutricional] [DiscoveryClient-InstanceInfoReplicator-%d] com.netflix.discovery.DiscoveryClient    : DiscoveryClient_PLANNUTRICIONAL/LAPTOP-TLGIUAT7:PlanNutricional:8085 - registration status: 204
2026-05-17T19:51:23.047-04:00  INFO 22388 --- [PlanNutricional] [main] c.P.P.Config.DataInitializer             : Datos cargados
2026-05-17T19:56:18.646-04:00  INFO 22388 --- [PlanNutricional] [AsyncResolver-bootstrap-executor-%d] c.n.d.s.r.aws.ConfigClusterResolver      : Resolving eureka endpoints via configuration
2026-05-17T20:01:18.710-04:00  INFO 22388 --- [PlanNutricional] [AsyncResolver-bootstrap-executor-%d] c.n.d.s.r.aws.ConfigClusterResolver      : Resolving eureka endpoints via configuration
2026-05-17T20:06:18.738-04:00  INFO 22388 --- [PlanNutricional] [AsyncResolver-bootstrap-executor-%d] c.n.d.s.r.aws.ConfigClusterResolver      : Resolving eureka endpoints via configuration
2026-05-17T20:11:18.764-04:00  INFO 22388 --- [PlanNutricional] [AsyncResolver-bootstrap-executor-%d] c.n.d.s.r.aws.ConfigClusterResolver      : Resolving eureka endpoints via configuration
2026-05-17T20:16:18.800-04:00  INFO 22388 --- [PlanNutricional] [AsyncResolver-bootstrap-executor-%d] c.n.d.s.r.aws.ConfigClusterResolver      : Resolving eureka endpoints via configuration
2026-05-17T20:18:18.116-04:00  INFO 22388 --- [PlanNutricional] [SpringApplicationShutdownHook] o.s.c.n.e.s.EurekaServiceRegistry        : Unregistering application PLANNUTRICIONAL with eureka with status DOWN
2026-05-17T20:18:18.125-04:00  INFO 22388 --- [PlanNutricional] [SpringApplicationShutdownHook] com.netflix.discovery.DiscoveryClient    : Saw local status change event StatusChangeEvent [timestamp=1779063498125, current=DOWN, previous=UP]
2026-05-17T20:18:18.126-04:00  INFO 22388 --- [PlanNutricional] [DiscoveryClient-InstanceInfoReplicator-%d] com.netflix.discovery.DiscoveryClient    : DiscoveryClient_PLANNUTRICIONAL/LAPTOP-TLGIUAT7:PlanNutricional:8085: registering service...
2026-05-17T20:18:18.322-04:00  INFO 22388 --- [PlanNutricional] [DiscoveryClient-InstanceInfoReplicator-%d] com.netflix.discovery.DiscoveryClient    : DiscoveryClient_PLANNUTRICIONAL/LAPTOP-TLGIUAT7:PlanNutricional:8085 - registration status: 204
2026-05-17T20:18:18.440-04:00  INFO 22388 --- [PlanNutricional] [SpringApplicationShutdownHook] o.s.boot.tomcat.GracefulShutdown         : Commencing graceful shutdown. Waiting for active requests to complete
2026-05-17T20:18:18.521-04:00  INFO 22388 --- [PlanNutricional] [tomcat-shutdown] o.s.boot.tomcat.GracefulShutdown         : Graceful shutdown complete
2026-05-17T20:18:19.291-04:00  INFO 22388 --- [PlanNutricional] [SpringApplicationShutdownHook] j.LocalContainerEntityManagerFactoryBean : Closing JPA EntityManagerFactory for persistence unit 'default'
2026-05-17T20:18:19.350-04:00  INFO 22388 --- [PlanNutricional] [SpringApplicationShutdownHook] com.zaxxer.hikari.HikariDataSource       : HikariPool-1 - Shutdown initiated...
2026-05-17T20:18:19.369-04:00  INFO 22388 --- [PlanNutricional] [SpringApplicationShutdownHook] com.zaxxer.hikari.HikariDataSource       : HikariPool-1 - Shutdown completed.
2026-05-17T20:18:19.375-04:00  INFO 22388 --- [PlanNutricional] [SpringApplicationShutdownHook] com.netflix.discovery.DiscoveryClient    : Shutting down DiscoveryClient ...
2026-05-17T20:18:22.383-04:00  INFO 22388 --- [PlanNutricional] [SpringApplicationShutdownHook] com.netflix.discovery.DiscoveryClient    : Unregistering ...
2026-05-17T20:18:22.418-04:00  INFO 22388 --- [PlanNutricional] [SpringApplicationShutdownHook] com.netflix.discovery.DiscoveryClient    : DiscoveryClient_PLANNUTRICIONAL/LAPTOP-TLGIUAT7:PlanNutricional:8085 - deregister  status: 200
2026-05-17T20:18:22.420-04:00  INFO 22388 --- [PlanNutricional] [SpringApplicationShutdownHook] com.netflix.discovery.DiscoveryClient    : Completed shut down of DiscoveryClient
2026-05-17T20:18:31.798-04:00  INFO 21812 --- [PlanNutricional] [main] c.P.P.PlanNutricionalApplication         : Starting PlanNutricionalApplication using Java 21.0.10 with PID 21812 (C:\Users\sebit\Desktop\Universidad\Programacion\Fullstack I\PlanNutricional\target\classes started by sebit in C:\Users\sebit\Desktop\Universidad\Programacion\Fullstack I\PlanNutricional)
2026-05-17T20:18:31.804-04:00 DEBUG 21812 --- [PlanNutricional] [main] c.P.P.PlanNutricionalApplication         : Running with Spring Boot v4.0.6, Spring v7.0.7
2026-05-17T20:18:31.805-04:00  INFO 21812 --- [PlanNutricional] [main] c.P.P.PlanNutricionalApplication         : No active profile set, falling back to 1 default profile: "default"
2026-05-17T20:18:33.668-04:00  INFO 21812 --- [PlanNutricional] [main] .s.d.r.c.RepositoryConfigurationDelegate : Bootstrapping Spring Data JPA repositories in DEFAULT mode.
2026-05-17T20:18:33.954-04:00  INFO 21812 --- [PlanNutricional] [main] .s.d.r.c.RepositoryConfigurationDelegate : Finished Spring Data repository scanning in 266 ms. Found 1 JPA repository interface.
2026-05-17T20:18:34.642-04:00  INFO 21812 --- [PlanNutricional] [main] o.s.cloud.context.scope.GenericScope     : BeanFactory id=cb338321-7a44-30e6-92ad-bc69200b7129
2026-05-17T20:18:35.492-04:00  INFO 21812 --- [PlanNutricional] [main] o.s.boot.tomcat.TomcatWebServer          : Tomcat initialized with port 8085 (http)
2026-05-17T20:18:35.519-04:00  INFO 21812 --- [PlanNutricional] [main] o.apache.catalina.core.StandardService   : Starting service [Tomcat]
2026-05-17T20:18:35.519-04:00  INFO 21812 --- [PlanNutricional] [main] o.apache.catalina.core.StandardEngine    : Starting Servlet engine: [Apache Tomcat/11.0.21]
2026-05-17T20:18:35.684-04:00  INFO 21812 --- [PlanNutricional] [main] b.w.c.s.WebApplicationContextInitializer : Root WebApplicationContext: initialization completed in 3790 ms
2026-05-17T20:18:36.121-04:00  INFO 21812 --- [PlanNutricional] [main] org.hibernate.orm.jpa                    : HHH008540: Processing PersistenceUnitInfo [name: default]
2026-05-17T20:18:36.284-04:00  INFO 21812 --- [PlanNutricional] [main] org.hibernate.orm.core                   : HHH000001: Hibernate ORM core version 7.2.12.Final
2026-05-17T20:18:37.359-04:00  INFO 21812 --- [PlanNutricional] [main] o.s.o.j.p.SpringPersistenceUnitInfo      : No LoadTimeWeaver setup: ignoring JPA class transformer
2026-05-17T20:18:37.428-04:00  INFO 21812 --- [PlanNutricional] [main] com.zaxxer.hikari.HikariDataSource       : HikariPool-1 - Starting...
2026-05-17T20:18:37.724-04:00  INFO 21812 --- [PlanNutricional] [main] com.zaxxer.hikari.pool.HikariPool        : HikariPool-1 - Added connection com.mysql.cj.jdbc.ConnectionImpl@1f3aa970
2026-05-17T20:18:37.728-04:00  INFO 21812 --- [PlanNutricional] [main] com.zaxxer.hikari.HikariDataSource       : HikariPool-1 - Start completed.
2026-05-17T20:18:37.809-04:00  WARN 21812 --- [PlanNutricional] [main] org.hibernate.orm.core                   : HHH000511: The 5.5.5 version for [org.hibernate.dialect.MySQLDialect] is no longer supported, hence certain features may not work properly.The minimum supported version is 8.0.0. Check the community dialects project for available legacy versions.
2026-05-17T20:18:37.825-04:00  WARN 21812 --- [PlanNutricional] [main] org.hibernate.orm.deprecation            : HHH90000025: MySQLDialect does not need to be specified explicitly using 'hibernate.dialect' (remove the property setting and it will be selected by default)
2026-05-17T20:18:37.882-04:00  INFO 21812 --- [PlanNutricional] [main] org.hibernate.orm.connections.pooling    : HHH10001005: Database info:
	Database JDBC URL [jdbc:mysql://localhost:3306/planNutricional_db]
	Database driver: MySQL Connector/J
	Database dialect: MySQLDialect
	Database version: 5.5.5
	Default catalog/schema: planNutricional_db/undefined
	Autocommit mode: undefined/unknown
	Isolation level: REPEATABLE_READ [default REPEATABLE_READ]
	JDBC fetch size: none
	Pool: DataSourceConnectionProvider
	Minimum pool size: undefined/unknown
	Maximum pool size: undefined/unknown
2026-05-17T20:18:39.961-04:00  INFO 21812 --- [PlanNutricional] [main] org.hibernate.orm.core                   : HHH000489: No JTA platform available (set 'hibernate.transaction.jta.platform' to enable JTA platform integration)
2026-05-17T20:18:40.058-04:00  INFO 21812 --- [PlanNutricional] [main] j.LocalContainerEntityManagerFactoryBean : Initialized JPA EntityManagerFactory for persistence unit 'default'
2026-05-17T20:18:40.200-04:00  INFO 21812 --- [PlanNutricional] [main] o.s.d.j.r.query.QueryEnhancerFactories   : Hibernate is in classpath; If applicable, HQL parser will be used.
2026-05-17T20:18:40.370-04:00  INFO 21812 --- [PlanNutricional] [main] c.P.P.PlanService.PlanService            : Plan Nutricional eliminado correctamente
2026-05-17T20:18:40.518-04:00  WARN 21812 --- [PlanNutricional] [main] JpaBaseConfiguration$JpaWebConfiguration : spring.jpa.open-in-view is enabled by default. Therefore, database queries may be performed during view rendering. Explicitly configure spring.jpa.open-in-view to disable this warning
2026-05-17T20:18:40.765-04:00  WARN 21812 --- [PlanNutricional] [main] o.s.security.core.userdetails.User       : User.withDefaultPasswordEncoder() is considered unsafe for production and is only intended for sample applications.
2026-05-17T20:18:40.904-04:00  WARN 21812 --- [PlanNutricional] [main] o.s.security.core.userdetails.User       : User.withDefaultPasswordEncoder() is considered unsafe for production and is only intended for sample applications.
2026-05-17T20:18:40.999-04:00  INFO 21812 --- [PlanNutricional] [main] r$InitializeUserDetailsManagerConfigurer : Global AuthenticationManager configured with UserDetailsService bean with name userDetailsService
2026-05-17T20:18:42.099-04:00  INFO 21812 --- [PlanNutricional] [main] DiscoveryClientOptionalArgsConfiguration : Eureka HTTP Client uses RestClient.
2026-05-17T20:18:42.218-04:00  WARN 21812 --- [PlanNutricional] [main] iguration$LoadBalancerCaffeineWarnLogger : Spring Cloud LoadBalancer is currently working with the default cache. While this cache implementation is useful for development and tests, it's recommended to use Caffeine cache in production.You can switch to using Caffeine cache, by adding it and org.springframework.cache.caffeine.CaffeineCacheManager to the classpath.
2026-05-17T20:18:42.290-04:00  INFO 21812 --- [PlanNutricional] [main] o.s.c.n.eureka.InstanceInfoFactory       : Setting initial instance status as: STARTING
2026-05-17T20:18:42.338-04:00  INFO 21812 --- [PlanNutricional] [main] com.netflix.discovery.DiscoveryClient    : Initializing Eureka in region us-east-1
2026-05-17T20:18:42.347-04:00  INFO 21812 --- [PlanNutricional] [main] c.n.d.s.r.aws.ConfigClusterResolver      : Resolving eureka endpoints via configuration
2026-05-17T20:18:42.363-04:00  INFO 21812 --- [PlanNutricional] [main] com.netflix.discovery.DiscoveryClient    : Disable delta property : false
2026-05-17T20:18:42.363-04:00  INFO 21812 --- [PlanNutricional] [main] com.netflix.discovery.DiscoveryClient    : Single vip registry refresh property : null
2026-05-17T20:18:42.363-04:00  INFO 21812 --- [PlanNutricional] [main] com.netflix.discovery.DiscoveryClient    : Force full registry fetch : false
2026-05-17T20:18:42.363-04:00  INFO 21812 --- [PlanNutricional] [main] com.netflix.discovery.DiscoveryClient    : Application is null : false
2026-05-17T20:18:42.363-04:00  INFO 21812 --- [PlanNutricional] [main] com.netflix.discovery.DiscoveryClient    : Registered Applications size is zero : true
2026-05-17T20:18:42.363-04:00  INFO 21812 --- [PlanNutricional] [main] com.netflix.discovery.DiscoveryClient    : Application version is -1: true
2026-05-17T20:18:42.363-04:00  INFO 21812 --- [PlanNutricional] [main] com.netflix.discovery.DiscoveryClient    : Getting all instance registry info from the eureka server
2026-05-17T20:18:43.059-04:00  INFO 21812 --- [PlanNutricional] [main] com.netflix.discovery.DiscoveryClient    : The response status is 200
2026-05-17T20:18:43.062-04:00  INFO 21812 --- [PlanNutricional] [main] com.netflix.discovery.DiscoveryClient    : Starting heartbeat executor: renew interval is: 30
2026-05-17T20:18:43.064-04:00  INFO 21812 --- [PlanNutricional] [main] c.n.discovery.InstanceInfoReplicator     : InstanceInfoReplicator onDemand update allowed rate per min is 4
2026-05-17T20:18:43.067-04:00  INFO 21812 --- [PlanNutricional] [main] com.netflix.discovery.DiscoveryClient    : Discovery Client initialized at timestamp 1779063523065 with initial instances count: 4
2026-05-17T20:18:43.071-04:00  INFO 21812 --- [PlanNutricional] [main] o.s.c.n.e.s.EurekaServiceRegistry        : Registering application PLANNUTRICIONAL with eureka with status UP
2026-05-17T20:18:43.073-04:00  INFO 21812 --- [PlanNutricional] [main] com.netflix.discovery.DiscoveryClient    : Saw local status change event StatusChangeEvent [timestamp=1779063523072, current=UP, previous=STARTING]
2026-05-17T20:18:43.076-04:00  INFO 21812 --- [PlanNutricional] [DiscoveryClient-InstanceInfoReplicator-%d] com.netflix.discovery.DiscoveryClient    : DiscoveryClient_PLANNUTRICIONAL/LAPTOP-TLGIUAT7:PlanNutricional:8085: registering service...
2026-05-17T20:18:43.115-04:00  INFO 21812 --- [PlanNutricional] [main] o.s.boot.tomcat.TomcatWebServer          : Tomcat started on port 8085 (http) with context path '/'
2026-05-17T20:18:43.117-04:00  INFO 21812 --- [PlanNutricional] [main] .s.c.n.e.s.EurekaAutoServiceRegistration : Updating port to 8085
2026-05-17T20:18:43.143-04:00  INFO 21812 --- [PlanNutricional] [main] c.P.P.PlanNutricionalApplication         : Started PlanNutricionalApplication in 12.772 seconds (process running for 14.912)
2026-05-17T20:18:43.154-04:00  INFO 21812 --- [PlanNutricional] [DiscoveryClient-InstanceInfoReplicator-%d] com.netflix.discovery.DiscoveryClient    : DiscoveryClient_PLANNUTRICIONAL/LAPTOP-TLGIUAT7:PlanNutricional:8085 - registration status: 204
2026-05-17T20:18:43.842-04:00  INFO 21812 --- [PlanNutricional] [main] c.P.P.Config.DataInitializer             : No hay datos guardados
2026-05-17T20:19:36.688-04:00  INFO 21812 --- [PlanNutricional] [http-nio-8085-exec-2] o.a.c.c.C.[Tomcat].[localhost].[/]       : Initializing Spring DispatcherServlet 'dispatcherServlet'
2026-05-17T20:19:36.693-04:00  INFO 21812 --- [PlanNutricional] [http-nio-8085-exec-2] o.s.web.servlet.DispatcherServlet        : Initializing Servlet 'dispatcherServlet'
2026-05-17T20:19:36.698-04:00  INFO 21812 --- [PlanNutricional] [http-nio-8085-exec-2] o.s.web.servlet.DispatcherServlet        : Completed initialization in 5 ms
2026-05-17T20:20:03.462-04:00  INFO 21812 --- [PlanNutricional] [http-nio-8085-exec-5] c.P.P.PlanService.PlanService            : Guardando Plan Nutricional
2026-05-17T20:20:56.251-04:00  INFO 21812 --- [PlanNutricional] [SpringApplicationShutdownHook] o.s.c.n.e.s.EurekaServiceRegistry        : Unregistering application PLANNUTRICIONAL with eureka with status DOWN
2026-05-17T20:20:56.251-04:00  INFO 21812 --- [PlanNutricional] [SpringApplicationShutdownHook] com.netflix.discovery.DiscoveryClient    : Saw local status change event StatusChangeEvent [timestamp=1779063656251, current=DOWN, previous=UP]
2026-05-17T20:20:56.252-04:00  INFO 21812 --- [PlanNutricional] [DiscoveryClient-InstanceInfoReplicator-%d] com.netflix.discovery.DiscoveryClient    : DiscoveryClient_PLANNUTRICIONAL/LAPTOP-TLGIUAT7:PlanNutricional:8085: registering service...
2026-05-17T20:20:56.264-04:00  INFO 21812 --- [PlanNutricional] [SpringApplicationShutdownHook] o.s.boot.tomcat.GracefulShutdown         : Commencing graceful shutdown. Waiting for active requests to complete
2026-05-17T20:20:56.276-04:00  INFO 21812 --- [PlanNutricional] [tomcat-shutdown] o.s.boot.tomcat.GracefulShutdown         : Graceful shutdown complete
2026-05-17T20:20:56.285-04:00  INFO 21812 --- [PlanNutricional] [DiscoveryClient-InstanceInfoReplicator-%d] com.netflix.discovery.DiscoveryClient    : DiscoveryClient_PLANNUTRICIONAL/LAPTOP-TLGIUAT7:PlanNutricional:8085 - registration status: 204
2026-05-17T20:20:58.369-04:00  INFO 21812 --- [PlanNutricional] [SpringApplicationShutdownHook] j.LocalContainerEntityManagerFactoryBean : Closing JPA EntityManagerFactory for persistence unit 'default'
2026-05-17T20:20:58.377-04:00  INFO 21812 --- [PlanNutricional] [SpringApplicationShutdownHook] com.zaxxer.hikari.HikariDataSource       : HikariPool-1 - Shutdown initiated...
2026-05-17T20:20:58.393-04:00  INFO 21812 --- [PlanNutricional] [SpringApplicationShutdownHook] com.zaxxer.hikari.HikariDataSource       : HikariPool-1 - Shutdown completed.
2026-05-17T20:20:58.394-04:00  INFO 21812 --- [PlanNutricional] [SpringApplicationShutdownHook] com.netflix.discovery.DiscoveryClient    : Shutting down DiscoveryClient ...
2026-05-17T20:21:01.408-04:00  INFO 21812 --- [PlanNutricional] [SpringApplicationShutdownHook] com.netflix.discovery.DiscoveryClient    : Unregistering ...
2026-05-17T20:21:01.431-04:00  INFO 21812 --- [PlanNutricional] [SpringApplicationShutdownHook] com.netflix.discovery.DiscoveryClient    : DiscoveryClient_PLANNUTRICIONAL/LAPTOP-TLGIUAT7:PlanNutricional:8085 - deregister  status: 200
2026-05-17T20:21:01.431-04:00  INFO 21812 --- [PlanNutricional] [SpringApplicationShutdownHook] com.netflix.discovery.DiscoveryClient    : Completed shut down of DiscoveryClient
2026-05-17T20:21:09.563-04:00  INFO 19020 --- [PlanNutricional] [main] c.P.P.PlanNutricionalApplication         : Starting PlanNutricionalApplication using Java 21.0.10 with PID 19020 (C:\Users\sebit\Desktop\Universidad\Programacion\Fullstack I\PlanNutricional\target\classes started by sebit in C:\Users\sebit\Desktop\Universidad\Programacion\Fullstack I\PlanNutricional)
2026-05-17T20:21:09.567-04:00 DEBUG 19020 --- [PlanNutricional] [main] c.P.P.PlanNutricionalApplication         : Running with Spring Boot v4.0.6, Spring v7.0.7
2026-05-17T20:21:09.569-04:00  INFO 19020 --- [PlanNutricional] [main] c.P.P.PlanNutricionalApplication         : No active profile set, falling back to 1 default profile: "default"
2026-05-17T20:21:11.649-04:00  INFO 19020 --- [PlanNutricional] [main] .s.d.r.c.RepositoryConfigurationDelegate : Bootstrapping Spring Data JPA repositories in DEFAULT mode.
2026-05-17T20:21:11.931-04:00  INFO 19020 --- [PlanNutricional] [main] .s.d.r.c.RepositoryConfigurationDelegate : Finished Spring Data repository scanning in 261 ms. Found 1 JPA repository interface.
2026-05-17T20:21:12.567-04:00  INFO 19020 --- [PlanNutricional] [main] o.s.cloud.context.scope.GenericScope     : BeanFactory id=cb338321-7a44-30e6-92ad-bc69200b7129
2026-05-17T20:21:13.391-04:00  INFO 19020 --- [PlanNutricional] [main] o.s.boot.tomcat.TomcatWebServer          : Tomcat initialized with port 8085 (http)
2026-05-17T20:21:13.421-04:00  INFO 19020 --- [PlanNutricional] [main] o.apache.catalina.core.StandardService   : Starting service [Tomcat]
2026-05-17T20:21:13.421-04:00  INFO 19020 --- [PlanNutricional] [main] o.apache.catalina.core.StandardEngine    : Starting Servlet engine: [Apache Tomcat/11.0.21]
2026-05-17T20:21:13.569-04:00  INFO 19020 --- [PlanNutricional] [main] b.w.c.s.WebApplicationContextInitializer : Root WebApplicationContext: initialization completed in 3885 ms
2026-05-17T20:21:13.976-04:00  INFO 19020 --- [PlanNutricional] [main] org.hibernate.orm.jpa                    : HHH008540: Processing PersistenceUnitInfo [name: default]
2026-05-17T20:21:14.142-04:00  INFO 19020 --- [PlanNutricional] [main] org.hibernate.orm.core                   : HHH000001: Hibernate ORM core version 7.2.12.Final
2026-05-17T20:21:15.145-04:00  INFO 19020 --- [PlanNutricional] [main] o.s.o.j.p.SpringPersistenceUnitInfo      : No LoadTimeWeaver setup: ignoring JPA class transformer
2026-05-17T20:21:15.211-04:00  INFO 19020 --- [PlanNutricional] [main] com.zaxxer.hikari.HikariDataSource       : HikariPool-1 - Starting...
2026-05-17T20:21:15.519-04:00  INFO 19020 --- [PlanNutricional] [main] com.zaxxer.hikari.pool.HikariPool        : HikariPool-1 - Added connection com.mysql.cj.jdbc.ConnectionImpl@6ae32ff0
2026-05-17T20:21:15.524-04:00  INFO 19020 --- [PlanNutricional] [main] com.zaxxer.hikari.HikariDataSource       : HikariPool-1 - Start completed.
2026-05-17T20:21:15.585-04:00  WARN 19020 --- [PlanNutricional] [main] org.hibernate.orm.core                   : HHH000511: The 5.5.5 version for [org.hibernate.dialect.MySQLDialect] is no longer supported, hence certain features may not work properly.The minimum supported version is 8.0.0. Check the community dialects project for available legacy versions.
2026-05-17T20:21:15.591-04:00  WARN 19020 --- [PlanNutricional] [main] org.hibernate.orm.deprecation            : HHH90000025: MySQLDialect does not need to be specified explicitly using 'hibernate.dialect' (remove the property setting and it will be selected by default)
2026-05-17T20:21:15.625-04:00  INFO 19020 --- [PlanNutricional] [main] org.hibernate.orm.connections.pooling    : HHH10001005: Database info:
	Database JDBC URL [jdbc:mysql://localhost:3306/planNutricional_db]
	Database driver: MySQL Connector/J
	Database dialect: MySQLDialect
	Database version: 5.5.5
	Default catalog/schema: planNutricional_db/undefined
	Autocommit mode: undefined/unknown
	Isolation level: REPEATABLE_READ [default REPEATABLE_READ]
	JDBC fetch size: none
	Pool: DataSourceConnectionProvider
	Minimum pool size: undefined/unknown
	Maximum pool size: undefined/unknown
2026-05-17T20:21:16.955-04:00  INFO 19020 --- [PlanNutricional] [main] org.hibernate.orm.core                   : HHH000489: No JTA platform available (set 'hibernate.transaction.jta.platform' to enable JTA platform integration)
2026-05-17T20:21:17.075-04:00  INFO 19020 --- [PlanNutricional] [main] j.LocalContainerEntityManagerFactoryBean : Initialized JPA EntityManagerFactory for persistence unit 'default'
2026-05-17T20:21:17.218-04:00  INFO 19020 --- [PlanNutricional] [main] o.s.d.j.r.query.QueryEnhancerFactories   : Hibernate is in classpath; If applicable, HQL parser will be used.
2026-05-17T20:21:17.397-04:00  INFO 19020 --- [PlanNutricional] [main] c.P.P.PlanService.PlanService            : Plan Nutricional eliminado correctamente
2026-05-17T20:21:17.549-04:00  WARN 19020 --- [PlanNutricional] [main] JpaBaseConfiguration$JpaWebConfiguration : spring.jpa.open-in-view is enabled by default. Therefore, database queries may be performed during view rendering. Explicitly configure spring.jpa.open-in-view to disable this warning
2026-05-17T20:21:17.775-04:00  WARN 19020 --- [PlanNutricional] [main] o.s.security.core.userdetails.User       : User.withDefaultPasswordEncoder() is considered unsafe for production and is only intended for sample applications.
2026-05-17T20:21:17.920-04:00  WARN 19020 --- [PlanNutricional] [main] o.s.security.core.userdetails.User       : User.withDefaultPasswordEncoder() is considered unsafe for production and is only intended for sample applications.
2026-05-17T20:21:18.017-04:00  INFO 19020 --- [PlanNutricional] [main] r$InitializeUserDetailsManagerConfigurer : Global AuthenticationManager configured with UserDetailsService bean with name userDetailsService
2026-05-17T20:21:19.058-04:00  INFO 19020 --- [PlanNutricional] [main] DiscoveryClientOptionalArgsConfiguration : Eureka HTTP Client uses RestClient.
2026-05-17T20:21:19.174-04:00  WARN 19020 --- [PlanNutricional] [main] iguration$LoadBalancerCaffeineWarnLogger : Spring Cloud LoadBalancer is currently working with the default cache. While this cache implementation is useful for development and tests, it's recommended to use Caffeine cache in production.You can switch to using Caffeine cache, by adding it and org.springframework.cache.caffeine.CaffeineCacheManager to the classpath.
2026-05-17T20:21:19.247-04:00  INFO 19020 --- [PlanNutricional] [main] o.s.c.n.eureka.InstanceInfoFactory       : Setting initial instance status as: STARTING
2026-05-17T20:21:19.308-04:00  INFO 19020 --- [PlanNutricional] [main] com.netflix.discovery.DiscoveryClient    : Initializing Eureka in region us-east-1
2026-05-17T20:21:19.317-04:00  INFO 19020 --- [PlanNutricional] [main] c.n.d.s.r.aws.ConfigClusterResolver      : Resolving eureka endpoints via configuration
2026-05-17T20:21:19.333-04:00  INFO 19020 --- [PlanNutricional] [main] com.netflix.discovery.DiscoveryClient    : Disable delta property : false
2026-05-17T20:21:19.334-04:00  INFO 19020 --- [PlanNutricional] [main] com.netflix.discovery.DiscoveryClient    : Single vip registry refresh property : null
2026-05-17T20:21:19.334-04:00  INFO 19020 --- [PlanNutricional] [main] com.netflix.discovery.DiscoveryClient    : Force full registry fetch : false
2026-05-17T20:21:19.334-04:00  INFO 19020 --- [PlanNutricional] [main] com.netflix.discovery.DiscoveryClient    : Application is null : false
2026-05-17T20:21:19.335-04:00  INFO 19020 --- [PlanNutricional] [main] com.netflix.discovery.DiscoveryClient    : Registered Applications size is zero : true
2026-05-17T20:21:19.335-04:00  INFO 19020 --- [PlanNutricional] [main] com.netflix.discovery.DiscoveryClient    : Application version is -1: true
2026-05-17T20:21:19.335-04:00  INFO 19020 --- [PlanNutricional] [main] com.netflix.discovery.DiscoveryClient    : Getting all instance registry info from the eureka server
2026-05-17T20:21:19.997-04:00  INFO 19020 --- [PlanNutricional] [main] com.netflix.discovery.DiscoveryClient    : The response status is 200
2026-05-17T20:21:20.001-04:00  INFO 19020 --- [PlanNutricional] [main] com.netflix.discovery.DiscoveryClient    : Starting heartbeat executor: renew interval is: 30
2026-05-17T20:21:20.003-04:00  INFO 19020 --- [PlanNutricional] [main] c.n.discovery.InstanceInfoReplicator     : InstanceInfoReplicator onDemand update allowed rate per min is 4
2026-05-17T20:21:20.006-04:00  INFO 19020 --- [PlanNutricional] [main] com.netflix.discovery.DiscoveryClient    : Discovery Client initialized at timestamp 1779063680005 with initial instances count: 5
2026-05-17T20:21:20.011-04:00  INFO 19020 --- [PlanNutricional] [main] o.s.c.n.e.s.EurekaServiceRegistry        : Registering application PLANNUTRICIONAL with eureka with status UP
2026-05-17T20:21:20.012-04:00  INFO 19020 --- [PlanNutricional] [main] com.netflix.discovery.DiscoveryClient    : Saw local status change event StatusChangeEvent [timestamp=1779063680012, current=UP, previous=STARTING]
2026-05-17T20:21:20.016-04:00  INFO 19020 --- [PlanNutricional] [DiscoveryClient-InstanceInfoReplicator-%d] com.netflix.discovery.DiscoveryClient    : DiscoveryClient_PLANNUTRICIONAL/LAPTOP-TLGIUAT7:PlanNutricional:8085: registering service...
2026-05-17T20:21:20.048-04:00  INFO 19020 --- [PlanNutricional] [main] o.s.boot.tomcat.TomcatWebServer          : Tomcat started on port 8085 (http) with context path '/'
2026-05-17T20:21:20.050-04:00  INFO 19020 --- [PlanNutricional] [main] .s.c.n.e.s.EurekaAutoServiceRegistration : Updating port to 8085
2026-05-17T20:21:20.074-04:00  INFO 19020 --- [PlanNutricional] [main] c.P.P.PlanNutricionalApplication         : Started PlanNutricionalApplication in 11.661 seconds (process running for 13.131)
2026-05-17T20:21:20.089-04:00  INFO 19020 --- [PlanNutricional] [DiscoveryClient-InstanceInfoReplicator-%d] com.netflix.discovery.DiscoveryClient    : DiscoveryClient_PLANNUTRICIONAL/LAPTOP-TLGIUAT7:PlanNutricional:8085 - registration status: 204
2026-05-17T20:21:20.764-04:00  INFO 19020 --- [PlanNutricional] [main] c.P.P.Config.DataInitializer             : No hay datos guardados
2026-05-17T20:21:28.601-04:00  INFO 19020 --- [PlanNutricional] [http-nio-8085-exec-1] o.a.c.c.C.[Tomcat].[localhost].[/]       : Initializing Spring DispatcherServlet 'dispatcherServlet'
2026-05-17T20:21:28.601-04:00  INFO 19020 --- [PlanNutricional] [http-nio-8085-exec-1] o.s.web.servlet.DispatcherServlet        : Initializing Servlet 'dispatcherServlet'
2026-05-17T20:21:28.603-04:00  INFO 19020 --- [PlanNutricional] [http-nio-8085-exec-1] o.s.web.servlet.DispatcherServlet        : Completed initialization in 2 ms
2026-05-17T20:21:29.028-04:00  INFO 19020 --- [PlanNutricional] [http-nio-8085-exec-1] c.P.P.PlanService.PlanService            : Guardando Plan Nutricional
2026-05-17T20:21:31.063-04:00  INFO 19020 --- [PlanNutricional] [http-nio-8085-exec-1] c.P.P.PlanService.PlanService            : Plan Nutricional guardado correctamente
2026-05-17T20:23:57.090-04:00  INFO 19020 --- [PlanNutricional] [http-nio-8085-exec-9] c.P.P.PlanService.PlanService            : Guardando Plan Nutricional
2026-05-17T20:24:10.093-04:00  INFO 19020 --- [PlanNutricional] [http-nio-8085-exec-2] c.P.P.PlanService.PlanService            : Guardando Plan Nutricional
2026-05-17T20:24:10.206-04:00  INFO 19020 --- [PlanNutricional] [http-nio-8085-exec-2] c.P.P.PlanService.PlanService            : Plan Nutricional guardado correctamente
2026-05-17T20:26:19.342-04:00  INFO 19020 --- [PlanNutricional] [AsyncResolver-bootstrap-executor-%d] c.n.d.s.r.aws.ConfigClusterResolver      : Resolving eureka endpoints via configuration
2026-05-17T20:29:53.483-04:00  INFO 19020 --- [PlanNutricional] [SpringApplicationShutdownHook] o.s.c.n.e.s.EurekaServiceRegistry        : Unregistering application PLANNUTRICIONAL with eureka with status DOWN
2026-05-17T20:29:53.490-04:00  INFO 19020 --- [PlanNutricional] [SpringApplicationShutdownHook] com.netflix.discovery.DiscoveryClient    : Saw local status change event StatusChangeEvent [timestamp=1779064193489, current=DOWN, previous=UP]
2026-05-17T20:29:53.491-04:00  INFO 19020 --- [PlanNutricional] [DiscoveryClient-InstanceInfoReplicator-%d] com.netflix.discovery.DiscoveryClient    : DiscoveryClient_PLANNUTRICIONAL/LAPTOP-TLGIUAT7:PlanNutricional:8085: registering service...
2026-05-17T20:29:53.551-04:00  INFO 19020 --- [PlanNutricional] [DiscoveryClient-InstanceInfoReplicator-%d] com.netflix.discovery.DiscoveryClient    : DiscoveryClient_PLANNUTRICIONAL/LAPTOP-TLGIUAT7:PlanNutricional:8085 - registration status: 204
2026-05-17T20:29:53.628-04:00  INFO 19020 --- [PlanNutricional] [SpringApplicationShutdownHook] o.s.boot.tomcat.GracefulShutdown         : Commencing graceful shutdown. Waiting for active requests to complete
2026-05-17T20:29:53.669-04:00  INFO 19020 --- [PlanNutricional] [tomcat-shutdown] o.s.boot.tomcat.GracefulShutdown         : Graceful shutdown complete
2026-05-17T20:29:55.868-04:00  INFO 19020 --- [PlanNutricional] [SpringApplicationShutdownHook] j.LocalContainerEntityManagerFactoryBean : Closing JPA EntityManagerFactory for persistence unit 'default'
2026-05-17T20:29:55.928-04:00  INFO 19020 --- [PlanNutricional] [SpringApplicationShutdownHook] com.zaxxer.hikari.HikariDataSource       : HikariPool-1 - Shutdown initiated...
2026-05-17T20:29:56.003-04:00  INFO 19020 --- [PlanNutricional] [SpringApplicationShutdownHook] com.zaxxer.hikari.HikariDataSource       : HikariPool-1 - Shutdown completed.
2026-05-17T20:29:56.007-04:00  INFO 19020 --- [PlanNutricional] [SpringApplicationShutdownHook] com.netflix.discovery.DiscoveryClient    : Shutting down DiscoveryClient ...
2026-05-17T20:29:59.010-04:00  INFO 19020 --- [PlanNutricional] [SpringApplicationShutdownHook] com.netflix.discovery.DiscoveryClient    : Unregistering ...
2026-05-17T20:29:59.032-04:00  INFO 19020 --- [PlanNutricional] [SpringApplicationShutdownHook] com.netflix.discovery.DiscoveryClient    : DiscoveryClient_PLANNUTRICIONAL/LAPTOP-TLGIUAT7:PlanNutricional:8085 - deregister  status: 200
2026-05-17T20:29:59.034-04:00  INFO 19020 --- [PlanNutricional] [SpringApplicationShutdownHook] com.netflix.discovery.DiscoveryClient    : Completed shut down of DiscoveryClient
2026-05-17T20:30:07.272-04:00  INFO 22164 --- [PlanNutricional] [main] c.P.P.PlanNutricionalApplication         : Starting PlanNutricionalApplication using Java 21.0.10 with PID 22164 (C:\Users\sebit\Desktop\Universidad\Programacion\Fullstack I\PlanNutricional\target\classes started by sebit in C:\Users\sebit\Desktop\Universidad\Programacion\Fullstack I\PlanNutricional)
2026-05-17T20:30:07.277-04:00 DEBUG 22164 --- [PlanNutricional] [main] c.P.P.PlanNutricionalApplication         : Running with Spring Boot v4.0.6, Spring v7.0.7
2026-05-17T20:30:07.278-04:00  INFO 22164 --- [PlanNutricional] [main] c.P.P.PlanNutricionalApplication         : No active profile set, falling back to 1 default profile: "default"
2026-05-17T20:30:09.150-04:00  INFO 22164 --- [PlanNutricional] [main] .s.d.r.c.RepositoryConfigurationDelegate : Bootstrapping Spring Data JPA repositories in DEFAULT mode.
2026-05-17T20:30:09.407-04:00  INFO 22164 --- [PlanNutricional] [main] .s.d.r.c.RepositoryConfigurationDelegate : Finished Spring Data repository scanning in 235 ms. Found 1 JPA repository interface.
2026-05-17T20:30:10.010-04:00  INFO 22164 --- [PlanNutricional] [main] o.s.cloud.context.scope.GenericScope     : BeanFactory id=cb338321-7a44-30e6-92ad-bc69200b7129
2026-05-17T20:30:10.827-04:00  INFO 22164 --- [PlanNutricional] [main] o.s.boot.tomcat.TomcatWebServer          : Tomcat initialized with port 8085 (http)
2026-05-17T20:30:10.858-04:00  INFO 22164 --- [PlanNutricional] [main] o.apache.catalina.core.StandardService   : Starting service [Tomcat]
2026-05-17T20:30:10.859-04:00  INFO 22164 --- [PlanNutricional] [main] o.apache.catalina.core.StandardEngine    : Starting Servlet engine: [Apache Tomcat/11.0.21]
2026-05-17T20:30:11.007-04:00  INFO 22164 --- [PlanNutricional] [main] b.w.c.s.WebApplicationContextInitializer : Root WebApplicationContext: initialization completed in 3627 ms
2026-05-17T20:30:11.398-04:00  INFO 22164 --- [PlanNutricional] [main] org.hibernate.orm.jpa                    : HHH008540: Processing PersistenceUnitInfo [name: default]
2026-05-17T20:30:11.558-04:00  INFO 22164 --- [PlanNutricional] [main] org.hibernate.orm.core                   : HHH000001: Hibernate ORM core version 7.2.12.Final
2026-05-17T20:30:12.489-04:00  INFO 22164 --- [PlanNutricional] [main] o.s.o.j.p.SpringPersistenceUnitInfo      : No LoadTimeWeaver setup: ignoring JPA class transformer
2026-05-17T20:30:12.552-04:00  INFO 22164 --- [PlanNutricional] [main] com.zaxxer.hikari.HikariDataSource       : HikariPool-1 - Starting...
2026-05-17T20:30:12.847-04:00  INFO 22164 --- [PlanNutricional] [main] com.zaxxer.hikari.pool.HikariPool        : HikariPool-1 - Added connection com.mysql.cj.jdbc.ConnectionImpl@73d7d676
2026-05-17T20:30:12.850-04:00  INFO 22164 --- [PlanNutricional] [main] com.zaxxer.hikari.HikariDataSource       : HikariPool-1 - Start completed.
2026-05-17T20:30:12.917-04:00  WARN 22164 --- [PlanNutricional] [main] org.hibernate.orm.core                   : HHH000511: The 5.5.5 version for [org.hibernate.dialect.MySQLDialect] is no longer supported, hence certain features may not work properly.The minimum supported version is 8.0.0. Check the community dialects project for available legacy versions.
2026-05-17T20:30:12.923-04:00  WARN 22164 --- [PlanNutricional] [main] org.hibernate.orm.deprecation            : HHH90000025: MySQLDialect does not need to be specified explicitly using 'hibernate.dialect' (remove the property setting and it will be selected by default)
2026-05-17T20:30:12.958-04:00  INFO 22164 --- [PlanNutricional] [main] org.hibernate.orm.connections.pooling    : HHH10001005: Database info:
	Database JDBC URL [jdbc:mysql://localhost:3306/planNutricional_db]
	Database driver: MySQL Connector/J
	Database dialect: MySQLDialect
	Database version: 5.5.5
	Default catalog/schema: planNutricional_db/undefined
	Autocommit mode: undefined/unknown
	Isolation level: REPEATABLE_READ [default REPEATABLE_READ]
	JDBC fetch size: none
	Pool: DataSourceConnectionProvider
	Minimum pool size: undefined/unknown
	Maximum pool size: undefined/unknown
2026-05-17T20:30:14.632-04:00  INFO 22164 --- [PlanNutricional] [main] org.hibernate.orm.core                   : HHH000489: No JTA platform available (set 'hibernate.transaction.jta.platform' to enable JTA platform integration)
2026-05-17T20:30:15.136-04:00  INFO 22164 --- [PlanNutricional] [main] j.LocalContainerEntityManagerFactoryBean : Initialized JPA EntityManagerFactory for persistence unit 'default'
2026-05-17T20:30:15.294-04:00  INFO 22164 --- [PlanNutricional] [main] o.s.d.j.r.query.QueryEnhancerFactories   : Hibernate is in classpath; If applicable, HQL parser will be used.
2026-05-17T20:30:15.473-04:00  INFO 22164 --- [PlanNutricional] [main] c.P.P.PlanService.PlanService            : Plan Nutricional eliminado correctamente
2026-05-17T20:30:15.643-04:00  WARN 22164 --- [PlanNutricional] [main] JpaBaseConfiguration$JpaWebConfiguration : spring.jpa.open-in-view is enabled by default. Therefore, database queries may be performed during view rendering. Explicitly configure spring.jpa.open-in-view to disable this warning
2026-05-17T20:30:15.911-04:00  WARN 22164 --- [PlanNutricional] [main] o.s.security.core.userdetails.User       : User.withDefaultPasswordEncoder() is considered unsafe for production and is only intended for sample applications.
2026-05-17T20:30:16.126-04:00  WARN 22164 --- [PlanNutricional] [main] o.s.security.core.userdetails.User       : User.withDefaultPasswordEncoder() is considered unsafe for production and is only intended for sample applications.
2026-05-17T20:30:16.222-04:00  INFO 22164 --- [PlanNutricional] [main] r$InitializeUserDetailsManagerConfigurer : Global AuthenticationManager configured with UserDetailsService bean with name userDetailsService
2026-05-17T20:30:17.197-04:00  INFO 22164 --- [PlanNutricional] [main] DiscoveryClientOptionalArgsConfiguration : Eureka HTTP Client uses RestClient.
2026-05-17T20:30:17.303-04:00  WARN 22164 --- [PlanNutricional] [main] iguration$LoadBalancerCaffeineWarnLogger : Spring Cloud LoadBalancer is currently working with the default cache. While this cache implementation is useful for development and tests, it's recommended to use Caffeine cache in production.You can switch to using Caffeine cache, by adding it and org.springframework.cache.caffeine.CaffeineCacheManager to the classpath.
2026-05-17T20:30:17.372-04:00  INFO 22164 --- [PlanNutricional] [main] o.s.c.n.eureka.InstanceInfoFactory       : Setting initial instance status as: STARTING
2026-05-17T20:30:17.421-04:00  INFO 22164 --- [PlanNutricional] [main] com.netflix.discovery.DiscoveryClient    : Initializing Eureka in region us-east-1
2026-05-17T20:30:17.430-04:00  INFO 22164 --- [PlanNutricional] [main] c.n.d.s.r.aws.ConfigClusterResolver      : Resolving eureka endpoints via configuration
2026-05-17T20:30:17.450-04:00  INFO 22164 --- [PlanNutricional] [main] com.netflix.discovery.DiscoveryClient    : Disable delta property : false
2026-05-17T20:30:17.451-04:00  INFO 22164 --- [PlanNutricional] [main] com.netflix.discovery.DiscoveryClient    : Single vip registry refresh property : null
2026-05-17T20:30:17.451-04:00  INFO 22164 --- [PlanNutricional] [main] com.netflix.discovery.DiscoveryClient    : Force full registry fetch : false
2026-05-17T20:30:17.451-04:00  INFO 22164 --- [PlanNutricional] [main] com.netflix.discovery.DiscoveryClient    : Application is null : false
2026-05-17T20:30:17.451-04:00  INFO 22164 --- [PlanNutricional] [main] com.netflix.discovery.DiscoveryClient    : Registered Applications size is zero : true
2026-05-17T20:30:17.451-04:00  INFO 22164 --- [PlanNutricional] [main] com.netflix.discovery.DiscoveryClient    : Application version is -1: true
2026-05-17T20:30:17.452-04:00  INFO 22164 --- [PlanNutricional] [main] com.netflix.discovery.DiscoveryClient    : Getting all instance registry info from the eureka server
2026-05-17T20:30:18.065-04:00  INFO 22164 --- [PlanNutricional] [main] com.netflix.discovery.DiscoveryClient    : The response status is 200
2026-05-17T20:30:18.069-04:00  INFO 22164 --- [PlanNutricional] [main] com.netflix.discovery.DiscoveryClient    : Starting heartbeat executor: renew interval is: 30
2026-05-17T20:30:18.072-04:00  INFO 22164 --- [PlanNutricional] [main] c.n.discovery.InstanceInfoReplicator     : InstanceInfoReplicator onDemand update allowed rate per min is 4
2026-05-17T20:30:18.076-04:00  INFO 22164 --- [PlanNutricional] [main] com.netflix.discovery.DiscoveryClient    : Discovery Client initialized at timestamp 1779064218074 with initial instances count: 4
2026-05-17T20:30:18.080-04:00  INFO 22164 --- [PlanNutricional] [main] o.s.c.n.e.s.EurekaServiceRegistry        : Registering application PLANNUTRICIONAL with eureka with status UP
2026-05-17T20:30:18.081-04:00  INFO 22164 --- [PlanNutricional] [main] com.netflix.discovery.DiscoveryClient    : Saw local status change event StatusChangeEvent [timestamp=1779064218081, current=UP, previous=STARTING]
2026-05-17T20:30:18.084-04:00  INFO 22164 --- [PlanNutricional] [DiscoveryClient-InstanceInfoReplicator-%d] com.netflix.discovery.DiscoveryClient    : DiscoveryClient_PLANNUTRICIONAL/LAPTOP-TLGIUAT7:PlanNutricional:8085: registering service...
2026-05-17T20:30:18.118-04:00  INFO 22164 --- [PlanNutricional] [main] o.s.boot.tomcat.TomcatWebServer          : Tomcat started on port 8085 (http) with context path '/'
2026-05-17T20:30:18.120-04:00  INFO 22164 --- [PlanNutricional] [main] .s.c.n.e.s.EurekaAutoServiceRegistration : Updating port to 8085
2026-05-17T20:30:18.148-04:00  INFO 22164 --- [PlanNutricional] [main] c.P.P.PlanNutricionalApplication         : Started PlanNutricionalApplication in 11.868 seconds (process running for 13.34)
2026-05-17T20:30:18.162-04:00  INFO 22164 --- [PlanNutricional] [DiscoveryClient-InstanceInfoReplicator-%d] com.netflix.discovery.DiscoveryClient    : DiscoveryClient_PLANNUTRICIONAL/LAPTOP-TLGIUAT7:PlanNutricional:8085 - registration status: 204
2026-05-17T20:30:18.857-04:00  INFO 22164 --- [PlanNutricional] [main] c.P.P.Config.DataInitializer             : Datos cargados
2026-05-17T20:30:30.108-04:00  INFO 22164 --- [PlanNutricional] [http-nio-8085-exec-1] o.a.c.c.C.[Tomcat].[localhost].[/]       : Initializing Spring DispatcherServlet 'dispatcherServlet'
2026-05-17T20:30:30.109-04:00  INFO 22164 --- [PlanNutricional] [http-nio-8085-exec-1] o.s.web.servlet.DispatcherServlet        : Initializing Servlet 'dispatcherServlet'
2026-05-17T20:30:30.119-04:00  INFO 22164 --- [PlanNutricional] [http-nio-8085-exec-1] o.s.web.servlet.DispatcherServlet        : Completed initialization in 9 ms
2026-05-17T20:30:30.372-04:00 ERROR 22164 --- [PlanNutricional] [http-nio-8085-exec-1] c.P.P.PlanService.PlanService            : Error interno: 

org.springframework.web.servlet.resource.NoResourceFoundException: No static resource api/Planes/usuario/2 for request '/api/Planes/usuario/2'.
	at org.springframework.web.servlet.resource.ResourceHttpRequestHandler.handleRequest(ResourceHttpRequestHandler.java:526) ~[spring-webmvc-7.0.7.jar:7.0.7]
	at org.springframework.web.servlet.mvc.HttpRequestHandlerAdapter.handle(HttpRequestHandlerAdapter.java:50) ~[spring-webmvc-7.0.7.jar:7.0.7]
	at org.springframework.web.servlet.DispatcherServlet.doDispatch(DispatcherServlet.java:963) ~[spring-webmvc-7.0.7.jar:7.0.7]
	at org.springframework.web.servlet.DispatcherServlet.doService(DispatcherServlet.java:866) ~[spring-webmvc-7.0.7.jar:7.0.7]
	at org.springframework.web.servlet.FrameworkServlet.processRequest(FrameworkServlet.java:1000) ~[spring-webmvc-7.0.7.jar:7.0.7]
	at org.springframework.web.servlet.FrameworkServlet.doGet(FrameworkServlet.java:892) ~[spring-webmvc-7.0.7.jar:7.0.7]
	at jakarta.servlet.http.HttpServlet.service(HttpServlet.java:622) ~[tomcat-embed-core-11.0.21.jar:6.1]
	at org.springframework.web.servlet.FrameworkServlet.service(FrameworkServlet.java:874) ~[spring-webmvc-7.0.7.jar:7.0.7]
	at jakarta.servlet.http.HttpServlet.service(HttpServlet.java:710) ~[tomcat-embed-core-11.0.21.jar:6.1]
	at org.apache.catalina.core.ApplicationFilterChain.doFilter(ApplicationFilterChain.java:128) ~[tomcat-embed-core-11.0.21.jar:11.0.21]
	at org.apache.tomcat.websocket.server.WsFilter.doFilter(WsFilter.java:53) ~[tomcat-embed-websocket-11.0.21.jar:11.0.21]
	at org.apache.catalina.core.ApplicationFilterChain.doFilter(ApplicationFilterChain.java:107) ~[tomcat-embed-core-11.0.21.jar:11.0.21]
	at org.springframework.web.filter.CompositeFilter$VirtualFilterChain.doFilter(CompositeFilter.java:108) ~[spring-web-7.0.7.jar:7.0.7]
	at org.springframework.security.web.FilterChainProxy.lambda$doFilterInternal$3(FilterChainProxy.java:235) ~[spring-security-web-7.0.5.jar:7.0.5]
	at org.springframework.security.web.FilterChainProxy$VirtualFilterChain.doFilter(FilterChainProxy.java:376) ~[spring-security-web-7.0.5.jar:7.0.5]
	at org.springframework.security.web.access.intercept.AuthorizationFilter.doFilter(AuthorizationFilter.java:101) ~[spring-security-web-7.0.5.jar:7.0.5]
	at org.springframework.security.web.FilterChainProxy$VirtualFilterChain.doFilter(FilterChainProxy.java:385) ~[spring-security-web-7.0.5.jar:7.0.5]
	at org.springframework.security.web.access.ExceptionTranslationFilter.doFilter(ExceptionTranslationFilter.java:126) ~[spring-security-web-7.0.5.jar:7.0.5]
	at org.springframework.security.web.access.ExceptionTranslationFilter.doFilter(ExceptionTranslationFilter.java:120) ~[spring-security-web-7.0.5.jar:7.0.5]
	at org.springframework.security.web.FilterChainProxy$VirtualFilterChain.doFilter(FilterChainProxy.java:385) ~[spring-security-web-7.0.5.jar:7.0.5]
	at org.springframework.security.web.authentication.AnonymousAuthenticationFilter.doFilter(AnonymousAuthenticationFilter.java:100) ~[spring-security-web-7.0.5.jar:7.0.5]
	at org.springframework.security.web.FilterChainProxy$VirtualFilterChain.doFilter(FilterChainProxy.java:385) ~[spring-security-web-7.0.5.jar:7.0.5]
	at org.springframework.security.web.servletapi.SecurityContextHolderAwareRequestFilter.doFilter(SecurityContextHolderAwareRequestFilter.java:181) ~[spring-security-web-7.0.5.jar:7.0.5]
	at org.springframework.security.web.FilterChainProxy$VirtualFilterChain.doFilter(FilterChainProxy.java:385) ~[spring-security-web-7.0.5.jar:7.0.5]
	at org.springframework.security.web.savedrequest.RequestCacheAwareFilter.doFilter(RequestCacheAwareFilter.java:63) ~[spring-security-web-7.0.5.jar:7.0.5]
	at org.springframework.security.web.FilterChainProxy$VirtualFilterChain.doFilter(FilterChainProxy.java:385) ~[spring-security-web-7.0.5.jar:7.0.5]
	at org.springframework.security.web.authentication.www.BasicAuthenticationFilter.doFilterInternal(BasicAuthenticationFilter.java:247) ~[spring-security-web-7.0.5.jar:7.0.5]
	at org.springframework.web.filter.OncePerRequestFilter.doFilter(OncePerRequestFilter.java:116) ~[spring-web-7.0.7.jar:7.0.7]
	at org.springframework.security.web.FilterChainProxy$VirtualFilterChain.doFilter(FilterChainProxy.java:385) ~[spring-security-web-7.0.5.jar:7.0.5]
	at org.springframework.security.web.authentication.logout.LogoutFilter.doFilter(LogoutFilter.java:110) ~[spring-security-web-7.0.5.jar:7.0.5]
	at org.springframework.security.web.authentication.logout.LogoutFilter.doFilter(LogoutFilter.java:96) ~[spring-security-web-7.0.5.jar:7.0.5]
	at org.springframework.security.web.FilterChainProxy$VirtualFilterChain.doFilter(FilterChainProxy.java:385) ~[spring-security-web-7.0.5.jar:7.0.5]
	at org.springframework.security.web.header.HeaderWriterFilter.doHeadersAfter(HeaderWriterFilter.java:90) ~[spring-security-web-7.0.5.jar:7.0.5]
	at org.springframework.security.web.header.HeaderWriterFilter.doFilterInternal(HeaderWriterFilter.java:75) ~[spring-security-web-7.0.5.jar:7.0.5]
	at org.springframework.web.filter.OncePerRequestFilter.doFilter(OncePerRequestFilter.java:116) ~[spring-web-7.0.7.jar:7.0.7]
	at org.springframework.security.web.FilterChainProxy$VirtualFilterChain.doFilter(FilterChainProxy.java:385) ~[spring-security-web-7.0.5.jar:7.0.5]
	at org.springframework.security.web.context.SecurityContextHolderFilter.doFilter(SecurityContextHolderFilter.java:82) ~[spring-security-web-7.0.5.jar:7.0.5]
	at org.springframework.security.web.context.SecurityContextHolderFilter.doFilter(SecurityContextHolderFilter.java:69) ~[spring-security-web-7.0.5.jar:7.0.5]
	at org.springframework.security.web.FilterChainProxy$VirtualFilterChain.doFilter(FilterChainProxy.java:385) ~[spring-security-web-7.0.5.jar:7.0.5]
	at org.springframework.security.web.context.request.async.WebAsyncManagerIntegrationFilter.doFilterInternal(WebAsyncManagerIntegrationFilter.java:62) ~[spring-security-web-7.0.5.jar:7.0.5]
	at org.springframework.web.filter.OncePerRequestFilter.doFilter(OncePerRequestFilter.java:116) ~[spring-web-7.0.7.jar:7.0.7]
	at org.springframework.security.web.FilterChainProxy$VirtualFilterChain.doFilter(FilterChainProxy.java:385) ~[spring-security-web-7.0.5.jar:7.0.5]
	at org.springframework.security.web.session.DisableEncodeUrlFilter.doFilterInternal(DisableEncodeUrlFilter.java:42) ~[spring-security-web-7.0.5.jar:7.0.5]
	at org.springframework.web.filter.OncePerRequestFilter.doFilter(OncePerRequestFilter.java:116) ~[spring-web-7.0.7.jar:7.0.7]
	at org.springframework.security.web.FilterChainProxy$VirtualFilterChain.doFilter(FilterChainProxy.java:385) ~[spring-security-web-7.0.5.jar:7.0.5]
	at org.springframework.security.web.FilterChainProxy.doFilterInternal(FilterChainProxy.java:237) ~[spring-security-web-7.0.5.jar:7.0.5]
	at org.springframework.security.web.FilterChainProxy.doFilter(FilterChainProxy.java:195) ~[spring-security-web-7.0.5.jar:7.0.5]
	at org.springframework.web.filter.CompositeFilter$VirtualFilterChain.doFilter(CompositeFilter.java:113) ~[spring-web-7.0.7.jar:7.0.7]
	at org.springframework.web.filter.ServletRequestPathFilter.doFilter(ServletRequestPathFilter.java:52) ~[spring-web-7.0.7.jar:7.0.7]
	at org.springframework.web.filter.CompositeFilter$VirtualFilterChain.doFilter(CompositeFilter.java:113) ~[spring-web-7.0.7.jar:7.0.7]
	at org.springframework.web.filter.CompositeFilter.doFilter(CompositeFilter.java:74) ~[spring-web-7.0.7.jar:7.0.7]
	at org.springframework.security.config.annotation.web.configuration.WebSecurityConfiguration$CompositeFilterChainProxy.doFilter(WebSecurityConfiguration.java:317) ~[spring-security-config-7.0.5.jar:7.0.5]
	at org.springframework.web.filter.DelegatingFilterProxy.invokeDelegate(DelegatingFilterProxy.java:355) ~[spring-web-7.0.7.jar:7.0.7]
	at org.springframework.web.filter.DelegatingFilterProxy.doFilter(DelegatingFilterProxy.java:272) ~[spring-web-7.0.7.jar:7.0.7]
	at org.apache.catalina.core.ApplicationFilterChain.doFilter(ApplicationFilterChain.java:107) ~[tomcat-embed-core-11.0.21.jar:11.0.21]
	at org.springframework.web.filter.RequestContextFilter.doFilterInternal(RequestContextFilter.java:100) ~[spring-web-7.0.7.jar:7.0.7]
	at org.springframework.web.filter.OncePerRequestFilter.doFilter(OncePerRequestFilter.java:116) ~[spring-web-7.0.7.jar:7.0.7]
	at org.apache.catalina.core.ApplicationFilterChain.doFilter(ApplicationFilterChain.java:107) ~[tomcat-embed-core-11.0.21.jar:11.0.21]
	at org.springframework.web.filter.FormContentFilter.doFilterInternal(FormContentFilter.java:93) ~[spring-web-7.0.7.jar:7.0.7]
	at org.springframework.web.filter.OncePerRequestFilter.doFilter(OncePerRequestFilter.java:116) ~[spring-web-7.0.7.jar:7.0.7]
	at org.apache.catalina.core.ApplicationFilterChain.doFilter(ApplicationFilterChain.java:107) ~[tomcat-embed-core-11.0.21.jar:11.0.21]
	at org.springframework.web.filter.CharacterEncodingFilter.doFilterInternal(CharacterEncodingFilter.java:199) ~[spring-web-7.0.7.jar:7.0.7]
	at org.springframework.web.filter.OncePerRequestFilter.doFilter(OncePerRequestFilter.java:116) ~[spring-web-7.0.7.jar:7.0.7]
	at org.apache.catalina.core.ApplicationFilterChain.doFilter(ApplicationFilterChain.java:107) ~[tomcat-embed-core-11.0.21.jar:11.0.21]
	at org.apache.catalina.core.StandardWrapperValve.invoke(StandardWrapperValve.java:165) ~[tomcat-embed-core-11.0.21.jar:11.0.21]
	at org.apache.catalina.core.StandardContextValve.invoke(StandardContextValve.java:77) ~[tomcat-embed-core-11.0.21.jar:11.0.21]
	at org.apache.catalina.authenticator.AuthenticatorBase.invoke(AuthenticatorBase.java:492) ~[tomcat-embed-core-11.0.21.jar:11.0.21]
	at org.apache.catalina.core.StandardHostValve.invoke(StandardHostValve.java:113) ~[tomcat-embed-core-11.0.21.jar:11.0.21]
	at org.apache.catalina.valves.ErrorReportValve.invoke(ErrorReportValve.java:83) ~[tomcat-embed-core-11.0.21.jar:11.0.21]
	at org.apache.catalina.core.StandardEngineValve.invoke(StandardEngineValve.java:72) ~[tomcat-embed-core-11.0.21.jar:11.0.21]
	at org.apache.catalina.connector.CoyoteAdapter.service(CoyoteAdapter.java:341) ~[tomcat-embed-core-11.0.21.jar:11.0.21]
	at org.apache.coyote.http11.Http11Processor.service(Http11Processor.java:397) ~[tomcat-embed-core-11.0.21.jar:11.0.21]
	at org.apache.coyote.AbstractProcessorLight.process(AbstractProcessorLight.java:63) ~[tomcat-embed-core-11.0.21.jar:11.0.21]
	at org.apache.coyote.AbstractProtocol$ConnectionHandler.process(AbstractProtocol.java:903) ~[tomcat-embed-core-11.0.21.jar:11.0.21]
	at org.apache.tomcat.util.net.NioEndpoint$SocketProcessor.doRun(NioEndpoint.java:1801) ~[tomcat-embed-core-11.0.21.jar:11.0.21]
	at org.apache.tomcat.util.net.SocketProcessorBase.run(SocketProcessorBase.java:52) ~[tomcat-embed-core-11.0.21.jar:11.0.21]
	at org.apache.tomcat.util.threads.ThreadPoolExecutor.runWorker(ThreadPoolExecutor.java:946) ~[tomcat-embed-core-11.0.21.jar:11.0.21]
	at org.apache.tomcat.util.threads.ThreadPoolExecutor$Worker.run(ThreadPoolExecutor.java:480) ~[tomcat-embed-core-11.0.21.jar:11.0.21]
	at org.apache.tomcat.util.threads.TaskThread$WrappingRunnable.run(TaskThread.java:57) ~[tomcat-embed-core-11.0.21.jar:11.0.21]
	at java.base/java.lang.Thread.run(Thread.java:1583) ~[na:na]

2026-05-17T20:35:17.459-04:00  INFO 22164 --- [PlanNutricional] [AsyncResolver-bootstrap-executor-%d] c.n.d.s.r.aws.ConfigClusterResolver      : Resolving eureka endpoints via configuration
2026-05-17T20:39:59.626-04:00 ERROR 22164 --- [PlanNutricional] [http-nio-8085-exec-3] c.P.P.PlanService.PlanService            : Error interno: 

org.springframework.web.servlet.resource.NoResourceFoundException: No static resource api/Planes/usuario/2 for request '/api/Planes/usuario/2'.
	at org.springframework.web.servlet.resource.ResourceHttpRequestHandler.handleRequest(ResourceHttpRequestHandler.java:526) ~[spring-webmvc-7.0.7.jar:7.0.7]
	at org.springframework.web.servlet.mvc.HttpRequestHandlerAdapter.handle(HttpRequestHandlerAdapter.java:50) ~[spring-webmvc-7.0.7.jar:7.0.7]
	at org.springframework.web.servlet.DispatcherServlet.doDispatch(DispatcherServlet.java:963) ~[spring-webmvc-7.0.7.jar:7.0.7]
	at org.springframework.web.servlet.DispatcherServlet.doService(DispatcherServlet.java:866) ~[spring-webmvc-7.0.7.jar:7.0.7]
	at org.springframework.web.servlet.FrameworkServlet.processRequest(FrameworkServlet.java:1000) ~[spring-webmvc-7.0.7.jar:7.0.7]
	at org.springframework.web.servlet.FrameworkServlet.doGet(FrameworkServlet.java:892) ~[spring-webmvc-7.0.7.jar:7.0.7]
	at jakarta.servlet.http.HttpServlet.service(HttpServlet.java:622) ~[tomcat-embed-core-11.0.21.jar:6.1]
	at org.springframework.web.servlet.FrameworkServlet.service(FrameworkServlet.java:874) ~[spring-webmvc-7.0.7.jar:7.0.7]
	at jakarta.servlet.http.HttpServlet.service(HttpServlet.java:710) ~[tomcat-embed-core-11.0.21.jar:6.1]
	at org.apache.catalina.core.ApplicationFilterChain.doFilter(ApplicationFilterChain.java:128) ~[tomcat-embed-core-11.0.21.jar:11.0.21]
	at org.apache.tomcat.websocket.server.WsFilter.doFilter(WsFilter.java:53) ~[tomcat-embed-websocket-11.0.21.jar:11.0.21]
	at org.apache.catalina.core.ApplicationFilterChain.doFilter(ApplicationFilterChain.java:107) ~[tomcat-embed-core-11.0.21.jar:11.0.21]
	at org.springframework.web.filter.CompositeFilter$VirtualFilterChain.doFilter(CompositeFilter.java:108) ~[spring-web-7.0.7.jar:7.0.7]
	at org.springframework.security.web.FilterChainProxy.lambda$doFilterInternal$3(FilterChainProxy.java:235) ~[spring-security-web-7.0.5.jar:7.0.5]
	at org.springframework.security.web.FilterChainProxy$VirtualFilterChain.doFilter(FilterChainProxy.java:376) ~[spring-security-web-7.0.5.jar:7.0.5]
	at org.springframework.security.web.access.intercept.AuthorizationFilter.doFilter(AuthorizationFilter.java:101) ~[spring-security-web-7.0.5.jar:7.0.5]
	at org.springframework.security.web.FilterChainProxy$VirtualFilterChain.doFilter(FilterChainProxy.java:385) ~[spring-security-web-7.0.5.jar:7.0.5]
	at org.springframework.security.web.access.ExceptionTranslationFilter.doFilter(ExceptionTranslationFilter.java:126) ~[spring-security-web-7.0.5.jar:7.0.5]
	at org.springframework.security.web.access.ExceptionTranslationFilter.doFilter(ExceptionTranslationFilter.java:120) ~[spring-security-web-7.0.5.jar:7.0.5]
	at org.springframework.security.web.FilterChainProxy$VirtualFilterChain.doFilter(FilterChainProxy.java:385) ~[spring-security-web-7.0.5.jar:7.0.5]
	at org.springframework.security.web.authentication.AnonymousAuthenticationFilter.doFilter(AnonymousAuthenticationFilter.java:100) ~[spring-security-web-7.0.5.jar:7.0.5]
	at org.springframework.security.web.FilterChainProxy$VirtualFilterChain.doFilter(FilterChainProxy.java:385) ~[spring-security-web-7.0.5.jar:7.0.5]
	at org.springframework.security.web.servletapi.SecurityContextHolderAwareRequestFilter.doFilter(SecurityContextHolderAwareRequestFilter.java:181) ~[spring-security-web-7.0.5.jar:7.0.5]
	at org.springframework.security.web.FilterChainProxy$VirtualFilterChain.doFilter(FilterChainProxy.java:385) ~[spring-security-web-7.0.5.jar:7.0.5]
	at org.springframework.security.web.savedrequest.RequestCacheAwareFilter.doFilter(RequestCacheAwareFilter.java:63) ~[spring-security-web-7.0.5.jar:7.0.5]
	at org.springframework.security.web.FilterChainProxy$VirtualFilterChain.doFilter(FilterChainProxy.java:385) ~[spring-security-web-7.0.5.jar:7.0.5]
	at org.springframework.security.web.authentication.www.BasicAuthenticationFilter.doFilterInternal(BasicAuthenticationFilter.java:247) ~[spring-security-web-7.0.5.jar:7.0.5]
	at org.springframework.web.filter.OncePerRequestFilter.doFilter(OncePerRequestFilter.java:116) ~[spring-web-7.0.7.jar:7.0.7]
	at org.springframework.security.web.FilterChainProxy$VirtualFilterChain.doFilter(FilterChainProxy.java:385) ~[spring-security-web-7.0.5.jar:7.0.5]
	at org.springframework.security.web.authentication.logout.LogoutFilter.doFilter(LogoutFilter.java:110) ~[spring-security-web-7.0.5.jar:7.0.5]
	at org.springframework.security.web.authentication.logout.LogoutFilter.doFilter(LogoutFilter.java:96) ~[spring-security-web-7.0.5.jar:7.0.5]
	at org.springframework.security.web.FilterChainProxy$VirtualFilterChain.doFilter(FilterChainProxy.java:385) ~[spring-security-web-7.0.5.jar:7.0.5]
	at org.springframework.security.web.header.HeaderWriterFilter.doHeadersAfter(HeaderWriterFilter.java:90) ~[spring-security-web-7.0.5.jar:7.0.5]
	at org.springframework.security.web.header.HeaderWriterFilter.doFilterInternal(HeaderWriterFilter.java:75) ~[spring-security-web-7.0.5.jar:7.0.5]
	at org.springframework.web.filter.OncePerRequestFilter.doFilter(OncePerRequestFilter.java:116) ~[spring-web-7.0.7.jar:7.0.7]
	at org.springframework.security.web.FilterChainProxy$VirtualFilterChain.doFilter(FilterChainProxy.java:385) ~[spring-security-web-7.0.5.jar:7.0.5]
	at org.springframework.security.web.context.SecurityContextHolderFilter.doFilter(SecurityContextHolderFilter.java:82) ~[spring-security-web-7.0.5.jar:7.0.5]
	at org.springframework.security.web.context.SecurityContextHolderFilter.doFilter(SecurityContextHolderFilter.java:69) ~[spring-security-web-7.0.5.jar:7.0.5]
	at org.springframework.security.web.FilterChainProxy$VirtualFilterChain.doFilter(FilterChainProxy.java:385) ~[spring-security-web-7.0.5.jar:7.0.5]
	at org.springframework.security.web.context.request.async.WebAsyncManagerIntegrationFilter.doFilterInternal(WebAsyncManagerIntegrationFilter.java:62) ~[spring-security-web-7.0.5.jar:7.0.5]
	at org.springframework.web.filter.OncePerRequestFilter.doFilter(OncePerRequestFilter.java:116) ~[spring-web-7.0.7.jar:7.0.7]
	at org.springframework.security.web.FilterChainProxy$VirtualFilterChain.doFilter(FilterChainProxy.java:385) ~[spring-security-web-7.0.5.jar:7.0.5]
	at org.springframework.security.web.session.DisableEncodeUrlFilter.doFilterInternal(DisableEncodeUrlFilter.java:42) ~[spring-security-web-7.0.5.jar:7.0.5]
	at org.springframework.web.filter.OncePerRequestFilter.doFilter(OncePerRequestFilter.java:116) ~[spring-web-7.0.7.jar:7.0.7]
	at org.springframework.security.web.FilterChainProxy$VirtualFilterChain.doFilter(FilterChainProxy.java:385) ~[spring-security-web-7.0.5.jar:7.0.5]
	at org.springframework.security.web.FilterChainProxy.doFilterInternal(FilterChainProxy.java:237) ~[spring-security-web-7.0.5.jar:7.0.5]
	at org.springframework.security.web.FilterChainProxy.doFilter(FilterChainProxy.java:195) ~[spring-security-web-7.0.5.jar:7.0.5]
	at org.springframework.web.filter.CompositeFilter$VirtualFilterChain.doFilter(CompositeFilter.java:113) ~[spring-web-7.0.7.jar:7.0.7]
	at org.springframework.web.filter.ServletRequestPathFilter.doFilter(ServletRequestPathFilter.java:52) ~[spring-web-7.0.7.jar:7.0.7]
	at org.springframework.web.filter.CompositeFilter$VirtualFilterChain.doFilter(CompositeFilter.java:113) ~[spring-web-7.0.7.jar:7.0.7]
	at org.springframework.web.filter.CompositeFilter.doFilter(CompositeFilter.java:74) ~[spring-web-7.0.7.jar:7.0.7]
	at org.springframework.security.config.annotation.web.configuration.WebSecurityConfiguration$CompositeFilterChainProxy.doFilter(WebSecurityConfiguration.java:317) ~[spring-security-config-7.0.5.jar:7.0.5]
	at org.springframework.web.filter.DelegatingFilterProxy.invokeDelegate(DelegatingFilterProxy.java:355) ~[spring-web-7.0.7.jar:7.0.7]
	at org.springframework.web.filter.DelegatingFilterProxy.doFilter(DelegatingFilterProxy.java:272) ~[spring-web-7.0.7.jar:7.0.7]
	at org.apache.catalina.core.ApplicationFilterChain.doFilter(ApplicationFilterChain.java:107) ~[tomcat-embed-core-11.0.21.jar:11.0.21]
	at org.springframework.web.filter.RequestContextFilter.doFilterInternal(RequestContextFilter.java:100) ~[spring-web-7.0.7.jar:7.0.7]
	at org.springframework.web.filter.OncePerRequestFilter.doFilter(OncePerRequestFilter.java:116) ~[spring-web-7.0.7.jar:7.0.7]
	at org.apache.catalina.core.ApplicationFilterChain.doFilter(ApplicationFilterChain.java:107) ~[tomcat-embed-core-11.0.21.jar:11.0.21]
	at org.springframework.web.filter.FormContentFilter.doFilterInternal(FormContentFilter.java:93) ~[spring-web-7.0.7.jar:7.0.7]
	at org.springframework.web.filter.OncePerRequestFilter.doFilter(OncePerRequestFilter.java:116) ~[spring-web-7.0.7.jar:7.0.7]
	at org.apache.catalina.core.ApplicationFilterChain.doFilter(ApplicationFilterChain.java:107) ~[tomcat-embed-core-11.0.21.jar:11.0.21]
	at org.springframework.web.filter.CharacterEncodingFilter.doFilterInternal(CharacterEncodingFilter.java:199) ~[spring-web-7.0.7.jar:7.0.7]
	at org.springframework.web.filter.OncePerRequestFilter.doFilter(OncePerRequestFilter.java:116) ~[spring-web-7.0.7.jar:7.0.7]
	at org.apache.catalina.core.ApplicationFilterChain.doFilter(ApplicationFilterChain.java:107) ~[tomcat-embed-core-11.0.21.jar:11.0.21]
	at org.apache.catalina.core.StandardWrapperValve.invoke(StandardWrapperValve.java:165) ~[tomcat-embed-core-11.0.21.jar:11.0.21]
	at org.apache.catalina.core.StandardContextValve.invoke(StandardContextValve.java:77) ~[tomcat-embed-core-11.0.21.jar:11.0.21]
	at org.apache.catalina.authenticator.AuthenticatorBase.invoke(AuthenticatorBase.java:492) ~[tomcat-embed-core-11.0.21.jar:11.0.21]
	at org.apache.catalina.core.StandardHostValve.invoke(StandardHostValve.java:113) ~[tomcat-embed-core-11.0.21.jar:11.0.21]
	at org.apache.catalina.valves.ErrorReportValve.invoke(ErrorReportValve.java:83) ~[tomcat-embed-core-11.0.21.jar:11.0.21]
	at org.apache.catalina.core.StandardEngineValve.invoke(StandardEngineValve.java:72) ~[tomcat-embed-core-11.0.21.jar:11.0.21]
	at org.apache.catalina.connector.CoyoteAdapter.service(CoyoteAdapter.java:341) ~[tomcat-embed-core-11.0.21.jar:11.0.21]
	at org.apache.coyote.http11.Http11Processor.service(Http11Processor.java:397) ~[tomcat-embed-core-11.0.21.jar:11.0.21]
	at org.apache.coyote.AbstractProcessorLight.process(AbstractProcessorLight.java:63) ~[tomcat-embed-core-11.0.21.jar:11.0.21]
	at org.apache.coyote.AbstractProtocol$ConnectionHandler.process(AbstractProtocol.java:903) ~[tomcat-embed-core-11.0.21.jar:11.0.21]
	at org.apache.tomcat.util.net.NioEndpoint$SocketProcessor.doRun(NioEndpoint.java:1801) ~[tomcat-embed-core-11.0.21.jar:11.0.21]
	at org.apache.tomcat.util.net.SocketProcessorBase.run(SocketProcessorBase.java:52) ~[tomcat-embed-core-11.0.21.jar:11.0.21]
	at org.apache.tomcat.util.threads.ThreadPoolExecutor.runWorker(ThreadPoolExecutor.java:946) ~[tomcat-embed-core-11.0.21.jar:11.0.21]
	at org.apache.tomcat.util.threads.ThreadPoolExecutor$Worker.run(ThreadPoolExecutor.java:480) ~[tomcat-embed-core-11.0.21.jar:11.0.21]
	at org.apache.tomcat.util.threads.TaskThread$WrappingRunnable.run(TaskThread.java:57) ~[tomcat-embed-core-11.0.21.jar:11.0.21]
	at java.base/java.lang.Thread.run(Thread.java:1583) ~[na:na]

2026-05-17T20:40:17.472-04:00  INFO 22164 --- [PlanNutricional] [AsyncResolver-bootstrap-executor-%d] c.n.d.s.r.aws.ConfigClusterResolver      : Resolving eureka endpoints via configuration
2026-05-17T20:40:23.112-04:00 ERROR 22164 --- [PlanNutricional] [http-nio-8085-exec-6] c.P.P.PlanService.PlanService            : Error interno: 

org.springframework.web.servlet.resource.NoResourceFoundException: No static resource api/Planes/usuario/2 for request '/api/Planes/usuario/2'.
	at org.springframework.web.servlet.resource.ResourceHttpRequestHandler.handleRequest(ResourceHttpRequestHandler.java:526) ~[spring-webmvc-7.0.7.jar:7.0.7]
	at org.springframework.web.servlet.mvc.HttpRequestHandlerAdapter.handle(HttpRequestHandlerAdapter.java:50) ~[spring-webmvc-7.0.7.jar:7.0.7]
	at org.springframework.web.servlet.DispatcherServlet.doDispatch(DispatcherServlet.java:963) ~[spring-webmvc-7.0.7.jar:7.0.7]
	at org.springframework.web.servlet.DispatcherServlet.doService(DispatcherServlet.java:866) ~[spring-webmvc-7.0.7.jar:7.0.7]
	at org.springframework.web.servlet.FrameworkServlet.processRequest(FrameworkServlet.java:1000) ~[spring-webmvc-7.0.7.jar:7.0.7]
	at org.springframework.web.servlet.FrameworkServlet.doGet(FrameworkServlet.java:892) ~[spring-webmvc-7.0.7.jar:7.0.7]
	at jakarta.servlet.http.HttpServlet.service(HttpServlet.java:622) ~[tomcat-embed-core-11.0.21.jar:6.1]
	at org.springframework.web.servlet.FrameworkServlet.service(FrameworkServlet.java:874) ~[spring-webmvc-7.0.7.jar:7.0.7]
	at jakarta.servlet.http.HttpServlet.service(HttpServlet.java:710) ~[tomcat-embed-core-11.0.21.jar:6.1]
	at org.apache.catalina.core.ApplicationFilterChain.doFilter(ApplicationFilterChain.java:128) ~[tomcat-embed-core-11.0.21.jar:11.0.21]
	at org.apache.tomcat.websocket.server.WsFilter.doFilter(WsFilter.java:53) ~[tomcat-embed-websocket-11.0.21.jar:11.0.21]
	at org.apache.catalina.core.ApplicationFilterChain.doFilter(ApplicationFilterChain.java:107) ~[tomcat-embed-core-11.0.21.jar:11.0.21]
	at org.springframework.web.filter.CompositeFilter$VirtualFilterChain.doFilter(CompositeFilter.java:108) ~[spring-web-7.0.7.jar:7.0.7]
	at org.springframework.security.web.FilterChainProxy.lambda$doFilterInternal$3(FilterChainProxy.java:235) ~[spring-security-web-7.0.5.jar:7.0.5]
	at org.springframework.security.web.FilterChainProxy$VirtualFilterChain.doFilter(FilterChainProxy.java:376) ~[spring-security-web-7.0.5.jar:7.0.5]
	at org.springframework.security.web.access.intercept.AuthorizationFilter.doFilter(AuthorizationFilter.java:101) ~[spring-security-web-7.0.5.jar:7.0.5]
	at org.springframework.security.web.FilterChainProxy$VirtualFilterChain.doFilter(FilterChainProxy.java:385) ~[spring-security-web-7.0.5.jar:7.0.5]
	at org.springframework.security.web.access.ExceptionTranslationFilter.doFilter(ExceptionTranslationFilter.java:126) ~[spring-security-web-7.0.5.jar:7.0.5]
	at org.springframework.security.web.access.ExceptionTranslationFilter.doFilter(ExceptionTranslationFilter.java:120) ~[spring-security-web-7.0.5.jar:7.0.5]
	at org.springframework.security.web.FilterChainProxy$VirtualFilterChain.doFilter(FilterChainProxy.java:385) ~[spring-security-web-7.0.5.jar:7.0.5]
	at org.springframework.security.web.authentication.AnonymousAuthenticationFilter.doFilter(AnonymousAuthenticationFilter.java:100) ~[spring-security-web-7.0.5.jar:7.0.5]
	at org.springframework.security.web.FilterChainProxy$VirtualFilterChain.doFilter(FilterChainProxy.java:385) ~[spring-security-web-7.0.5.jar:7.0.5]
	at org.springframework.security.web.servletapi.SecurityContextHolderAwareRequestFilter.doFilter(SecurityContextHolderAwareRequestFilter.java:181) ~[spring-security-web-7.0.5.jar:7.0.5]
	at org.springframework.security.web.FilterChainProxy$VirtualFilterChain.doFilter(FilterChainProxy.java:385) ~[spring-security-web-7.0.5.jar:7.0.5]
	at org.springframework.security.web.savedrequest.RequestCacheAwareFilter.doFilter(RequestCacheAwareFilter.java:63) ~[spring-security-web-7.0.5.jar:7.0.5]
	at org.springframework.security.web.FilterChainProxy$VirtualFilterChain.doFilter(FilterChainProxy.java:385) ~[spring-security-web-7.0.5.jar:7.0.5]
	at org.springframework.security.web.authentication.www.BasicAuthenticationFilter.doFilterInternal(BasicAuthenticationFilter.java:247) ~[spring-security-web-7.0.5.jar:7.0.5]
	at org.springframework.web.filter.OncePerRequestFilter.doFilter(OncePerRequestFilter.java:116) ~[spring-web-7.0.7.jar:7.0.7]
	at org.springframework.security.web.FilterChainProxy$VirtualFilterChain.doFilter(FilterChainProxy.java:385) ~[spring-security-web-7.0.5.jar:7.0.5]
	at org.springframework.security.web.authentication.logout.LogoutFilter.doFilter(LogoutFilter.java:110) ~[spring-security-web-7.0.5.jar:7.0.5]
	at org.springframework.security.web.authentication.logout.LogoutFilter.doFilter(LogoutFilter.java:96) ~[spring-security-web-7.0.5.jar:7.0.5]
	at org.springframework.security.web.FilterChainProxy$VirtualFilterChain.doFilter(FilterChainProxy.java:385) ~[spring-security-web-7.0.5.jar:7.0.5]
	at org.springframework.security.web.header.HeaderWriterFilter.doHeadersAfter(HeaderWriterFilter.java:90) ~[spring-security-web-7.0.5.jar:7.0.5]
	at org.springframework.security.web.header.HeaderWriterFilter.doFilterInternal(HeaderWriterFilter.java:75) ~[spring-security-web-7.0.5.jar:7.0.5]
	at org.springframework.web.filter.OncePerRequestFilter.doFilter(OncePerRequestFilter.java:116) ~[spring-web-7.0.7.jar:7.0.7]
	at org.springframework.security.web.FilterChainProxy$VirtualFilterChain.doFilter(FilterChainProxy.java:385) ~[spring-security-web-7.0.5.jar:7.0.5]
	at org.springframework.security.web.context.SecurityContextHolderFilter.doFilter(SecurityContextHolderFilter.java:82) ~[spring-security-web-7.0.5.jar:7.0.5]
	at org.springframework.security.web.context.SecurityContextHolderFilter.doFilter(SecurityContextHolderFilter.java:69) ~[spring-security-web-7.0.5.jar:7.0.5]
	at org.springframework.security.web.FilterChainProxy$VirtualFilterChain.doFilter(FilterChainProxy.java:385) ~[spring-security-web-7.0.5.jar:7.0.5]
	at org.springframework.security.web.context.request.async.WebAsyncManagerIntegrationFilter.doFilterInternal(WebAsyncManagerIntegrationFilter.java:62) ~[spring-security-web-7.0.5.jar:7.0.5]
	at org.springframework.web.filter.OncePerRequestFilter.doFilter(OncePerRequestFilter.java:116) ~[spring-web-7.0.7.jar:7.0.7]
	at org.springframework.security.web.FilterChainProxy$VirtualFilterChain.doFilter(FilterChainProxy.java:385) ~[spring-security-web-7.0.5.jar:7.0.5]
	at org.springframework.security.web.session.DisableEncodeUrlFilter.doFilterInternal(DisableEncodeUrlFilter.java:42) ~[spring-security-web-7.0.5.jar:7.0.5]
	at org.springframework.web.filter.OncePerRequestFilter.doFilter(OncePerRequestFilter.java:116) ~[spring-web-7.0.7.jar:7.0.7]
	at org.springframework.security.web.FilterChainProxy$VirtualFilterChain.doFilter(FilterChainProxy.java:385) ~[spring-security-web-7.0.5.jar:7.0.5]
	at org.springframework.security.web.FilterChainProxy.doFilterInternal(FilterChainProxy.java:237) ~[spring-security-web-7.0.5.jar:7.0.5]
	at org.springframework.security.web.FilterChainProxy.doFilter(FilterChainProxy.java:195) ~[spring-security-web-7.0.5.jar:7.0.5]
	at org.springframework.web.filter.CompositeFilter$VirtualFilterChain.doFilter(CompositeFilter.java:113) ~[spring-web-7.0.7.jar:7.0.7]
	at org.springframework.web.filter.ServletRequestPathFilter.doFilter(ServletRequestPathFilter.java:52) ~[spring-web-7.0.7.jar:7.0.7]
	at org.springframework.web.filter.CompositeFilter$VirtualFilterChain.doFilter(CompositeFilter.java:113) ~[spring-web-7.0.7.jar:7.0.7]
	at org.springframework.web.filter.CompositeFilter.doFilter(CompositeFilter.java:74) ~[spring-web-7.0.7.jar:7.0.7]
	at org.springframework.security.config.annotation.web.configuration.WebSecurityConfiguration$CompositeFilterChainProxy.doFilter(WebSecurityConfiguration.java:317) ~[spring-security-config-7.0.5.jar:7.0.5]
	at org.springframework.web.filter.DelegatingFilterProxy.invokeDelegate(DelegatingFilterProxy.java:355) ~[spring-web-7.0.7.jar:7.0.7]
	at org.springframework.web.filter.DelegatingFilterProxy.doFilter(DelegatingFilterProxy.java:272) ~[spring-web-7.0.7.jar:7.0.7]
	at org.apache.catalina.core.ApplicationFilterChain.doFilter(ApplicationFilterChain.java:107) ~[tomcat-embed-core-11.0.21.jar:11.0.21]
	at org.springframework.web.filter.RequestContextFilter.doFilterInternal(RequestContextFilter.java:100) ~[spring-web-7.0.7.jar:7.0.7]
	at org.springframework.web.filter.OncePerRequestFilter.doFilter(OncePerRequestFilter.java:116) ~[spring-web-7.0.7.jar:7.0.7]
	at org.apache.catalina.core.ApplicationFilterChain.doFilter(ApplicationFilterChain.java:107) ~[tomcat-embed-core-11.0.21.jar:11.0.21]
	at org.springframework.web.filter.FormContentFilter.doFilterInternal(FormContentFilter.java:93) ~[spring-web-7.0.7.jar:7.0.7]
	at org.springframework.web.filter.OncePerRequestFilter.doFilter(OncePerRequestFilter.java:116) ~[spring-web-7.0.7.jar:7.0.7]
	at org.apache.catalina.core.ApplicationFilterChain.doFilter(ApplicationFilterChain.java:107) ~[tomcat-embed-core-11.0.21.jar:11.0.21]
	at org.springframework.web.filter.CharacterEncodingFilter.doFilterInternal(CharacterEncodingFilter.java:199) ~[spring-web-7.0.7.jar:7.0.7]
	at org.springframework.web.filter.OncePerRequestFilter.doFilter(OncePerRequestFilter.java:116) ~[spring-web-7.0.7.jar:7.0.7]
	at org.apache.catalina.core.ApplicationFilterChain.doFilter(ApplicationFilterChain.java:107) ~[tomcat-embed-core-11.0.21.jar:11.0.21]
	at org.apache.catalina.core.StandardWrapperValve.invoke(StandardWrapperValve.java:165) ~[tomcat-embed-core-11.0.21.jar:11.0.21]
	at org.apache.catalina.core.StandardContextValve.invoke(StandardContextValve.java:77) ~[tomcat-embed-core-11.0.21.jar:11.0.21]
	at org.apache.catalina.authenticator.AuthenticatorBase.invoke(AuthenticatorBase.java:492) ~[tomcat-embed-core-11.0.21.jar:11.0.21]
	at org.apache.catalina.core.StandardHostValve.invoke(StandardHostValve.java:113) ~[tomcat-embed-core-11.0.21.jar:11.0.21]
	at org.apache.catalina.valves.ErrorReportValve.invoke(ErrorReportValve.java:83) ~[tomcat-embed-core-11.0.21.jar:11.0.21]
	at org.apache.catalina.core.StandardEngineValve.invoke(StandardEngineValve.java:72) ~[tomcat-embed-core-11.0.21.jar:11.0.21]
	at org.apache.catalina.connector.CoyoteAdapter.service(CoyoteAdapter.java:341) ~[tomcat-embed-core-11.0.21.jar:11.0.21]
	at org.apache.coyote.http11.Http11Processor.service(Http11Processor.java:397) ~[tomcat-embed-core-11.0.21.jar:11.0.21]
	at org.apache.coyote.AbstractProcessorLight.process(AbstractProcessorLight.java:63) ~[tomcat-embed-core-11.0.21.jar:11.0.21]
	at org.apache.coyote.AbstractProtocol$ConnectionHandler.process(AbstractProtocol.java:903) ~[tomcat-embed-core-11.0.21.jar:11.0.21]
	at org.apache.tomcat.util.net.NioEndpoint$SocketProcessor.doRun(NioEndpoint.java:1801) ~[tomcat-embed-core-11.0.21.jar:11.0.21]
	at org.apache.tomcat.util.net.SocketProcessorBase.run(SocketProcessorBase.java:52) ~[tomcat-embed-core-11.0.21.jar:11.0.21]
	at org.apache.tomcat.util.threads.ThreadPoolExecutor.runWorker(ThreadPoolExecutor.java:946) ~[tomcat-embed-core-11.0.21.jar:11.0.21]
	at org.apache.tomcat.util.threads.ThreadPoolExecutor$Worker.run(ThreadPoolExecutor.java:480) ~[tomcat-embed-core-11.0.21.jar:11.0.21]
	at org.apache.tomcat.util.threads.TaskThread$WrappingRunnable.run(TaskThread.java:57) ~[tomcat-embed-core-11.0.21.jar:11.0.21]
	at java.base/java.lang.Thread.run(Thread.java:1583) ~[na:na]

2026-05-17T20:43:39.309-04:00  INFO 22164 --- [PlanNutricional] [SpringApplicationShutdownHook] o.s.c.n.e.s.EurekaServiceRegistry        : Unregistering application PLANNUTRICIONAL with eureka with status DOWN
2026-05-17T20:43:39.322-04:00  INFO 22164 --- [PlanNutricional] [SpringApplicationShutdownHook] com.netflix.discovery.DiscoveryClient    : Saw local status change event StatusChangeEvent [timestamp=1779065019322, current=DOWN, previous=UP]
2026-05-17T20:43:39.324-04:00  INFO 22164 --- [PlanNutricional] [DiscoveryClient-InstanceInfoReplicator-%d] com.netflix.discovery.DiscoveryClient    : DiscoveryClient_PLANNUTRICIONAL/LAPTOP-TLGIUAT7:PlanNutricional:8085: registering service...
2026-05-17T20:43:39.454-04:00  INFO 22164 --- [PlanNutricional] [DiscoveryClient-InstanceInfoReplicator-%d] com.netflix.discovery.DiscoveryClient    : DiscoveryClient_PLANNUTRICIONAL/LAPTOP-TLGIUAT7:PlanNutricional:8085 - registration status: 204
2026-05-17T20:43:39.635-04:00  INFO 22164 --- [PlanNutricional] [SpringApplicationShutdownHook] o.s.boot.tomcat.GracefulShutdown         : Commencing graceful shutdown. Waiting for active requests to complete
2026-05-17T20:43:39.758-04:00  INFO 22164 --- [PlanNutricional] [tomcat-shutdown] o.s.boot.tomcat.GracefulShutdown         : Graceful shutdown complete
2026-05-17T20:43:40.545-04:00  INFO 22164 --- [PlanNutricional] [SpringApplicationShutdownHook] j.LocalContainerEntityManagerFactoryBean : Closing JPA EntityManagerFactory for persistence unit 'default'
2026-05-17T20:43:40.613-04:00  INFO 22164 --- [PlanNutricional] [SpringApplicationShutdownHook] com.zaxxer.hikari.HikariDataSource       : HikariPool-1 - Shutdown initiated...
2026-05-17T20:43:40.712-04:00  INFO 22164 --- [PlanNutricional] [SpringApplicationShutdownHook] com.zaxxer.hikari.HikariDataSource       : HikariPool-1 - Shutdown completed.
2026-05-17T20:43:40.717-04:00  INFO 22164 --- [PlanNutricional] [SpringApplicationShutdownHook] com.netflix.discovery.DiscoveryClient    : Shutting down DiscoveryClient ...
2026-05-17T20:43:43.724-04:00  INFO 22164 --- [PlanNutricional] [SpringApplicationShutdownHook] com.netflix.discovery.DiscoveryClient    : Unregistering ...
2026-05-17T20:43:43.761-04:00  INFO 22164 --- [PlanNutricional] [SpringApplicationShutdownHook] com.netflix.discovery.DiscoveryClient    : DiscoveryClient_PLANNUTRICIONAL/LAPTOP-TLGIUAT7:PlanNutricional:8085 - deregister  status: 200
2026-05-17T20:43:43.765-04:00  INFO 22164 --- [PlanNutricional] [SpringApplicationShutdownHook] com.netflix.discovery.DiscoveryClient    : Completed shut down of DiscoveryClient
